{"E:\\gr-xm\\utils\\src\\index.ts": {"path":"E:\\gr-xm\\utils\\src\\index.ts","all":false,"statementMap":{"0":{"start":{"line":1,"column":0},"end":{"line":1,"column":5}}},"s":{"0":2},"branchMap":{},"b":{},"fnMap":{},"f":{}}
,"E:\\gr-xm\\utils\\src\\array\\chunk.ts": {"path":"E:\\gr-xm\\utils\\src\\array\\chunk.ts","all":false,"statementMap":{"0":{"start":{"line":1,"column":0},"end":{"line":1,"column":38}},"1":{"start":{"line":24,"column":0},"end":{"line":24,"column":62}},"2":{"start":{"line":25,"column":0},"end":{"line":25,"column":45}},"3":{"start":{"line":26,"column":0},"end":{"line":26,"column":80}},"4":{"start":{"line":27,"column":0},"end":{"line":27,"column":16}},"5":{"start":{"line":28,"column":0},"end":{"line":28,"column":46}},"6":{"start":{"line":29,"column":0},"end":{"line":29,"column":35}},"7":{"start":{"line":30,"column":0},"end":{"line":30,"column":52}},"8":{"start":{"line":31,"column":0},"end":{"line":31,"column":3}},"9":{"start":{"line":32,"column":0},"end":{"line":32,"column":12}},"10":{"start":{"line":33,"column":0},"end":{"line":33,"column":1}}},"s":{"0":2,"1":9,"2":9,"3":9,"4":5,"5":5,"6":9,"7":11,"8":11,"9":5,"10":5},"branchMap":{"0":{"type":"branch","line":24,"loc":{"start":{"line":24,"column":0},"end":{"line":33,"column":1}},"locations":[{"start":{"line":24,"column":0},"end":{"line":33,"column":1}}]},"1":{"type":"branch","line":25,"loc":{"start":{"line":25,"column":23},"end":{"line":25,"column":45}},"locations":[{"start":{"line":25,"column":23},"end":{"line":25,"column":45}}]},"2":{"type":"branch","line":25,"loc":{"start":{"line":25,"column":29},"end":{"line":26,"column":25}},"locations":[{"start":{"line":25,"column":29},"end":{"line":26,"column":25}}]},"3":{"type":"branch","line":26,"loc":{"start":{"line":26,"column":20},"end":{"line":26,"column":41}},"locations":[{"start":{"line":26,"column":20},"end":{"line":26,"column":41}}]},"4":{"type":"branch","line":26,"loc":{"start":{"line":26,"column":36},"end":{"line":26,"column":52}},"locations":[{"start":{"line":26,"column":36},"end":{"line":26,"column":52}}]},"5":{"type":"branch","line":26,"loc":{"start":{"line":26,"column":52},"end":{"line":26,"column":80}},"locations":[{"start":{"line":26,"column":52},"end":{"line":26,"column":80}}]},"6":{"type":"branch","line":26,"loc":{"start":{"line":26,"column":58},"end":{"line":29,"column":34}},"locations":[{"start":{"line":26,"column":58},"end":{"line":29,"column":34}}]},"7":{"type":"branch","line":29,"loc":{"start":{"line":29,"column":34},"end":{"line":31,"column":3}},"locations":[{"start":{"line":29,"column":34},"end":{"line":31,"column":3}}]},"8":{"type":"branch","line":31,"loc":{"start":{"line":31,"column":2},"end":{"line":33,"column":1}},"locations":[{"start":{"line":31,"column":2},"end":{"line":33,"column":1}}]}},"b":{"0":[9],"1":[1],"2":[8],"3":[7],"4":[6],"5":[3],"6":[5],"7":[11],"8":[5]},"fnMap":{"0":{"name":"chunk","decl":{"start":{"line":24,"column":0},"end":{"line":33,"column":1}},"loc":{"start":{"line":24,"column":0},"end":{"line":33,"column":1}},"line":24}},"f":{"0":9}}
,"E:\\gr-xm\\utils\\src\\array\\compact.ts": {"path":"E:\\gr-xm\\utils\\src\\array\\compact.ts","all":false,"statementMap":{"0":{"start":{"line":1,"column":0},"end":{"line":1,"column":38}},"1":{"start":{"line":15,"column":0},"end":{"line":15,"column":54}},"2":{"start":{"line":16,"column":0},"end":{"line":16,"column":45}},"3":{"start":{"line":17,"column":0},"end":{"line":17,"column":37}},"4":{"start":{"line":18,"column":0},"end":{"line":18,"column":1}}},"s":{"0":2,"1":8,"2":8,"3":5,"4":5},"branchMap":{"0":{"type":"branch","line":15,"loc":{"start":{"line":15,"column":0},"end":{"line":18,"column":1}},"locations":[{"start":{"line":15,"column":0},"end":{"line":18,"column":1}}]},"1":{"type":"branch","line":16,"loc":{"start":{"line":16,"column":23},"end":{"line":16,"column":45}},"locations":[{"start":{"line":16,"column":23},"end":{"line":16,"column":45}}]},"2":{"type":"branch","line":16,"loc":{"start":{"line":16,"column":29},"end":{"line":18,"column":1}},"locations":[{"start":{"line":16,"column":29},"end":{"line":18,"column":1}}]},"3":{"type":"branch","line":17,"loc":{"start":{"line":17,"column":22},"end":{"line":17,"column":36}},"locations":[{"start":{"line":17,"column":22},"end":{"line":17,"column":36}}]}},"b":{"0":[8],"1":[3],"2":[5],"3":[31]},"fnMap":{"0":{"name":"compact","decl":{"start":{"line":15,"column":0},"end":{"line":18,"column":1}},"loc":{"start":{"line":15,"column":0},"end":{"line":18,"column":1}},"line":15}},"f":{"0":8}}
,"E:\\gr-xm\\utils\\src\\array\\fromPairs.ts": {"path":"E:\\gr-xm\\utils\\src\\array\\fromPairs.ts","all":false,"statementMap":{"0":{"start":{"line":1,"column":0},"end":{"line":1,"column":38}},"1":{"start":{"line":20,"column":0},"end":{"line":20,"column":74}},"2":{"start":{"line":21,"column":0},"end":{"line":21,"column":47}},"3":{"start":{"line":22,"column":0},"end":{"line":22,"column":43}},"4":{"start":{"line":23,"column":0},"end":{"line":23,"column":1}}},"s":{"0":2,"1":6,"2":6,"3":5,"4":5},"branchMap":{"0":{"type":"branch","line":20,"loc":{"start":{"line":20,"column":0},"end":{"line":23,"column":1}},"locations":[{"start":{"line":20,"column":0},"end":{"line":23,"column":1}}]},"1":{"type":"branch","line":21,"loc":{"start":{"line":21,"column":23},"end":{"line":21,"column":47}},"locations":[{"start":{"line":21,"column":23},"end":{"line":21,"column":47}}]},"2":{"type":"branch","line":21,"loc":{"start":{"line":21,"column":29},"end":{"line":23,"column":1}},"locations":[{"start":{"line":21,"column":29},"end":{"line":23,"column":1}}]}},"b":{"0":[6],"1":[1],"2":[5]},"fnMap":{"0":{"name":"fromPairs","decl":{"start":{"line":20,"column":0},"end":{"line":23,"column":1}},"loc":{"start":{"line":20,"column":0},"end":{"line":23,"column":1}},"line":20}},"f":{"0":6}}
,"E:\\gr-xm\\utils\\src\\array\\unique.ts": {"path":"E:\\gr-xm\\utils\\src\\array\\unique.ts","all":false,"statementMap":{"0":{"start":{"line":1,"column":0},"end":{"line":1,"column":38}},"1":{"start":{"line":37,"column":0},"end":{"line":37,"column":94}},"2":{"start":{"line":38,"column":0},"end":{"line":38,"column":47}},"3":{"start":{"line":39,"column":0},"end":{"line":39,"column":67}},"4":{"start":{"line":40,"column":0},"end":{"line":40,"column":60}},"5":{"start":{"line":41,"column":0},"end":{"line":41,"column":36}},"6":{"start":{"line":42,"column":0},"end":{"line":42,"column":30}},"7":{"start":{"line":43,"column":0},"end":{"line":43,"column":35}},"8":{"start":{"line":44,"column":0},"end":{"line":44,"column":72}},"9":{"start":{"line":45,"column":0},"end":{"line":45,"column":131}},"10":{"start":{"line":46,"column":0},"end":{"line":46,"column":26}},"11":{"start":{"line":47,"column":0},"end":{"line":47,"column":14}},"12":{"start":{"line":48,"column":0},"end":{"line":48,"column":10}},"13":{"start":{"line":49,"column":0},"end":{"line":49,"column":3}},"14":{"start":{"line":50,"column":0},"end":{"line":50,"column":28}},"15":{"start":{"line":51,"column":0},"end":{"line":51,"column":1}}},"s":{"0":2,"1":11,"2":11,"3":11,"4":11,"5":11,"6":11,"7":8,"8":24,"9":24,"10":24,"11":23,"12":8,"13":8,"14":1,"15":1},"branchMap":{"0":{"type":"branch","line":37,"loc":{"start":{"line":37,"column":0},"end":{"line":51,"column":1}},"locations":[{"start":{"line":37,"column":0},"end":{"line":51,"column":1}}]},"1":{"type":"branch","line":38,"loc":{"start":{"line":38,"column":23},"end":{"line":38,"column":47}},"locations":[{"start":{"line":38,"column":23},"end":{"line":38,"column":47}}]},"2":{"type":"branch","line":38,"loc":{"start":{"line":38,"column":29},"end":{"line":39,"column":14}},"locations":[{"start":{"line":38,"column":29},"end":{"line":39,"column":14}}]},"3":{"type":"branch","line":39,"loc":{"start":{"line":39,"column":6},"end":{"line":39,"column":21}},"locations":[{"start":{"line":39,"column":6},"end":{"line":39,"column":21}}]},"4":{"type":"branch","line":39,"loc":{"start":{"line":39,"column":14},"end":{"line":39,"column":44}},"locations":[{"start":{"line":39,"column":14},"end":{"line":39,"column":44}}]},"5":{"type":"branch","line":39,"loc":{"start":{"line":39,"column":44},"end":{"line":39,"column":67}},"locations":[{"start":{"line":39,"column":44},"end":{"line":39,"column":67}}]},"6":{"type":"branch","line":39,"loc":{"start":{"line":39,"column":50},"end":{"line":40,"column":14}},"locations":[{"start":{"line":39,"column":50},"end":{"line":40,"column":14}}]},"7":{"type":"branch","line":40,"loc":{"start":{"line":40,"column":6},"end":{"line":40,"column":21}},"locations":[{"start":{"line":40,"column":6},"end":{"line":40,"column":21}}]},"8":{"type":"branch","line":40,"loc":{"start":{"line":40,"column":14},"end":{"line":40,"column":42}},"locations":[{"start":{"line":40,"column":14},"end":{"line":40,"column":42}}]},"9":{"type":"branch","line":40,"loc":{"start":{"line":40,"column":42},"end":{"line":40,"column":60}},"locations":[{"start":{"line":40,"column":42},"end":{"line":40,"column":60}}]},"10":{"type":"branch","line":40,"loc":{"start":{"line":40,"column":56},"end":{"line":41,"column":24}},"locations":[{"start":{"line":40,"column":56},"end":{"line":41,"column":24}}]},"11":{"type":"branch","line":41,"loc":{"start":{"line":41,"column":15},"end":{"line":41,"column":36}},"locations":[{"start":{"line":41,"column":15},"end":{"line":41,"column":36}}]},"12":{"type":"branch","line":41,"loc":{"start":{"line":41,"column":35},"end":{"line":42,"column":29}},"locations":[{"start":{"line":41,"column":35},"end":{"line":42,"column":29}}]},"13":{"type":"branch","line":42,"loc":{"start":{"line":42,"column":29},"end":{"line":49,"column":3}},"locations":[{"start":{"line":42,"column":29},"end":{"line":49,"column":3}}]},"14":{"type":"branch","line":49,"loc":{"start":{"line":49,"column":2},"end":{"line":51,"column":1}},"locations":[{"start":{"line":49,"column":2},"end":{"line":51,"column":1}}]},"15":{"type":"branch","line":43,"loc":{"start":{"line":43,"column":24},"end":{"line":48,"column":7}},"locations":[{"start":{"line":43,"column":24},"end":{"line":48,"column":7}}]},"16":{"type":"branch","line":44,"loc":{"start":{"line":44,"column":17},"end":{"line":44,"column":53}},"locations":[{"start":{"line":44,"column":17},"end":{"line":44,"column":53}}]},"17":{"type":"branch","line":44,"loc":{"start":{"line":44,"column":53},"end":{"line":44,"column":72}},"locations":[{"start":{"line":44,"column":53},"end":{"line":44,"column":72}}]},"18":{"type":"branch","line":44,"loc":{"start":{"line":44,"column":59},"end":{"line":45,"column":32}},"locations":[{"start":{"line":44,"column":59},"end":{"line":45,"column":32}}]},"19":{"type":"branch","line":45,"loc":{"start":{"line":45,"column":26},"end":{"line":45,"column":96}},"locations":[{"start":{"line":45,"column":26},"end":{"line":45,"column":96}}]},"20":{"type":"branch","line":45,"loc":{"start":{"line":45,"column":92},"end":{"line":45,"column":131}},"locations":[{"start":{"line":45,"column":92},"end":{"line":45,"column":131}}]},"21":{"type":"branch","line":46,"loc":{"start":{"line":46,"column":17},"end":{"line":46,"column":26}},"locations":[{"start":{"line":46,"column":17},"end":{"line":46,"column":26}}]},"22":{"type":"branch","line":46,"loc":{"start":{"line":46,"column":25},"end":{"line":47,"column":14}},"locations":[{"start":{"line":46,"column":25},"end":{"line":47,"column":14}}]},"23":{"type":"branch","line":45,"loc":{"start":{"line":45,"column":39},"end":{"line":45,"column":92}},"locations":[{"start":{"line":45,"column":39},"end":{"line":45,"column":92}}]},"24":{"type":"branch","line":45,"loc":{"start":{"line":45,"column":103},"end":{"line":45,"column":130}},"locations":[{"start":{"line":45,"column":103},"end":{"line":45,"column":130}}]}},"b":{"0":[11],"1":[1],"2":[10],"3":[6],"4":[5],"5":[1],"6":[9],"7":[5],"8":[4],"9":[4],"10":[9],"11":[4],"12":[9],"13":[8],"14":[1],"15":[24],"16":[10],"17":[1],"18":[23],"19":[9],"20":[14],"21":[16],"22":[23],"23":[6],"24":[21]},"fnMap":{"0":{"name":"unique","decl":{"start":{"line":37,"column":0},"end":{"line":51,"column":1}},"loc":{"start":{"line":37,"column":0},"end":{"line":51,"column":1}},"line":37}},"f":{"0":11}}
,"E:\\gr-xm\\utils\\src\\color\\extendHex.ts": {"path":"E:\\gr-xm\\utils\\src\\color\\extendHex.ts","all":false,"statementMap":{"0":{"start":{"line":1,"column":0},"end":{"line":1,"column":33}},"1":{"start":{"line":18,"column":0},"end":{"line":18,"column":56}},"2":{"start":{"line":19,"column":0},"end":{"line":19,"column":37}},"3":{"start":{"line":20,"column":0},"end":{"line":20,"column":33}},"4":{"start":{"line":21,"column":0},"end":{"line":21,"column":78}},"5":{"start":{"line":22,"column":0},"end":{"line":22,"column":1}}},"s":{"0":2,"1":6,"2":6,"3":6,"4":2,"5":2},"branchMap":{"0":{"type":"branch","line":18,"loc":{"start":{"line":18,"column":0},"end":{"line":22,"column":1}},"locations":[{"start":{"line":18,"column":0},"end":{"line":22,"column":1}}]},"1":{"type":"branch","line":19,"loc":{"start":{"line":19,"column":19},"end":{"line":19,"column":37}},"locations":[{"start":{"line":19,"column":19},"end":{"line":19,"column":37}}]},"2":{"type":"branch","line":19,"loc":{"start":{"line":19,"column":25},"end":{"line":20,"column":30}},"locations":[{"start":{"line":19,"column":25},"end":{"line":20,"column":30}}]},"3":{"type":"branch","line":20,"loc":{"start":{"line":20,"column":23},"end":{"line":22,"column":1}},"locations":[{"start":{"line":20,"column":23},"end":{"line":22,"column":1}}]},"4":{"type":"branch","line":21,"loc":{"start":{"line":21,"column":44},"end":{"line":21,"column":66}},"locations":[{"start":{"line":21,"column":44},"end":{"line":21,"column":66}}]}},"b":{"0":[6],"1":[2],"2":[4],"3":[2],"4":[6]},"fnMap":{"0":{"name":"extendHex","decl":{"start":{"line":18,"column":0},"end":{"line":22,"column":1}},"loc":{"start":{"line":18,"column":0},"end":{"line":22,"column":1}},"line":18}},"f":{"0":6}}
,"E:\\gr-xm\\utils\\src\\color\\hexToRgb.ts": {"path":"E:\\gr-xm\\utils\\src\\color\\hexToRgb.ts","all":false,"statementMap":{"0":{"start":{"line":1,"column":0},"end":{"line":1,"column":38}},"1":{"start":{"line":21,"column":0},"end":{"line":21,"column":56}},"2":{"start":{"line":22,"column":0},"end":{"line":22,"column":37}},"3":{"start":{"line":23,"column":0},"end":{"line":23,"column":70}},"4":{"start":{"line":24,"column":0},"end":{"line":24,"column":124}},"5":{"start":{"line":25,"column":0},"end":{"line":25,"column":12}},"6":{"start":{"line":26,"column":0},"end":{"line":26,"column":1}}},"s":{"0":2,"1":8,"2":8,"3":8,"4":3,"5":3,"6":3},"branchMap":{"0":{"type":"branch","line":21,"loc":{"start":{"line":21,"column":0},"end":{"line":26,"column":1}},"locations":[{"start":{"line":21,"column":0},"end":{"line":26,"column":1}}]},"1":{"type":"branch","line":22,"loc":{"start":{"line":22,"column":19},"end":{"line":22,"column":37}},"locations":[{"start":{"line":22,"column":19},"end":{"line":22,"column":37}}]},"2":{"type":"branch","line":22,"loc":{"start":{"line":22,"column":25},"end":{"line":23,"column":42}},"locations":[{"start":{"line":22,"column":25},"end":{"line":23,"column":42}}]},"3":{"type":"branch","line":23,"loc":{"start":{"line":23,"column":36},"end":{"line":23,"column":70}},"locations":[{"start":{"line":23,"column":36},"end":{"line":23,"column":70}}]},"4":{"type":"branch","line":23,"loc":{"start":{"line":23,"column":69},"end":{"line":26,"column":1}},"locations":[{"start":{"line":23,"column":69},"end":{"line":26,"column":1}}]},"5":{"type":"branch","line":24,"loc":{"start":{"line":24,"column":43},"end":{"line":24,"column":113}},"locations":[{"start":{"line":24,"column":43},"end":{"line":24,"column":113}}]},"6":{"type":"branch","line":24,"loc":{"start":{"line":24,"column":60},"end":{"line":24,"column":97}},"locations":[{"start":{"line":24,"column":60},"end":{"line":24,"column":97}}]},"7":{"type":"branch","line":24,"loc":{"start":{"line":24,"column":93},"end":{"line":24,"column":113}},"locations":[{"start":{"line":24,"column":93},"end":{"line":24,"column":113}}]}},"b":{"0":[8],"1":[5],"2":[3],"3":[1],"4":[3],"5":[10],"6":[1],"7":[9]},"fnMap":{"0":{"name":"hexToRgb","decl":{"start":{"line":21,"column":0},"end":{"line":26,"column":1}},"loc":{"start":{"line":21,"column":0},"end":{"line":26,"column":1}},"line":21}},"f":{"0":8}}
,"E:\\gr-xm\\utils\\src\\color\\isHex.ts": {"path":"E:\\gr-xm\\utils\\src\\color\\isHex.ts","all":false,"statementMap":{"0":{"start":{"line":1,"column":0},"end":{"line":1,"column":40}},"1":{"start":{"line":33,"column":0},"end":{"line":33,"column":54}},"2":{"start":{"line":34,"column":0},"end":{"line":34,"column":34}},"3":{"start":{"line":35,"column":0},"end":{"line":35,"column":83}},"4":{"start":{"line":36,"column":0},"end":{"line":36,"column":1}}},"s":{"0":2,"1":29,"2":29,"3":26,"4":26},"branchMap":{"0":{"type":"branch","line":33,"loc":{"start":{"line":33,"column":0},"end":{"line":36,"column":1}},"locations":[{"start":{"line":33,"column":0},"end":{"line":36,"column":1}}]},"1":{"type":"branch","line":34,"loc":{"start":{"line":34,"column":22},"end":{"line":34,"column":34}},"locations":[{"start":{"line":34,"column":22},"end":{"line":34,"column":34}}]},"2":{"type":"branch","line":34,"loc":{"start":{"line":34,"column":29},"end":{"line":36,"column":1}},"locations":[{"start":{"line":34,"column":29},"end":{"line":36,"column":1}}]}},"b":{"0":[29],"1":[3],"2":[26]},"fnMap":{"0":{"name":"isHex","decl":{"start":{"line":33,"column":0},"end":{"line":36,"column":1}},"loc":{"start":{"line":33,"column":0},"end":{"line":36,"column":1}},"line":33}},"f":{"0":29}}
,"E:\\gr-xm\\utils\\src\\color\\isRgba.ts": {"path":"E:\\gr-xm\\utils\\src\\color\\isRgba.ts","all":false,"statementMap":{"0":{"start":{"line":1,"column":0},"end":{"line":1,"column":40}},"1":{"start":{"line":28,"column":0},"end":{"line":28,"column":56}},"2":{"start":{"line":29,"column":0},"end":{"line":29,"column":35}},"3":{"start":{"line":30,"column":0},"end":{"line":30,"column":43}},"4":{"start":{"line":31,"column":0},"end":{"line":31,"column":69}},"5":{"start":{"line":32,"column":0},"end":{"line":32,"column":45}},"6":{"start":{"line":33,"column":0},"end":{"line":33,"column":4}},"7":{"start":{"line":34,"column":0},"end":{"line":34,"column":1}}},"s":{"0":2,"1":12,"2":12,"3":11,"4":32,"5":32,"6":11,"7":11},"branchMap":{"0":{"type":"branch","line":28,"loc":{"start":{"line":28,"column":0},"end":{"line":34,"column":1}},"locations":[{"start":{"line":28,"column":0},"end":{"line":34,"column":1}}]},"1":{"type":"branch","line":29,"loc":{"start":{"line":29,"column":23},"end":{"line":29,"column":35}},"locations":[{"start":{"line":29,"column":23},"end":{"line":29,"column":35}}]},"2":{"type":"branch","line":29,"loc":{"start":{"line":29,"column":30},"end":{"line":34,"column":1}},"locations":[{"start":{"line":29,"column":30},"end":{"line":34,"column":1}}]},"3":{"type":"branch","line":30,"loc":{"start":{"line":30,"column":32},"end":{"line":33,"column":3}},"locations":[{"start":{"line":30,"column":32},"end":{"line":33,"column":3}}]},"4":{"type":"branch","line":31,"loc":{"start":{"line":31,"column":16},"end":{"line":31,"column":69}},"locations":[{"start":{"line":31,"column":16},"end":{"line":31,"column":69}}]},"5":{"type":"branch","line":31,"loc":{"start":{"line":31,"column":42},"end":{"line":31,"column":69}},"locations":[{"start":{"line":31,"column":42},"end":{"line":31,"column":69}}]},"6":{"type":"branch","line":31,"loc":{"start":{"line":31,"column":66},"end":{"line":32,"column":29}},"locations":[{"start":{"line":31,"column":66},"end":{"line":32,"column":29}}]},"7":{"type":"branch","line":32,"loc":{"start":{"line":32,"column":24},"end":{"line":32,"column":45}},"locations":[{"start":{"line":32,"column":24},"end":{"line":32,"column":45}}]}},"b":{"0":[12],"1":[1],"2":[11],"3":[32],"4":[7],"5":[6],"6":[25],"7":[22]},"fnMap":{"0":{"name":"isRgba","decl":{"start":{"line":28,"column":0},"end":{"line":34,"column":1}},"loc":{"start":{"line":28,"column":0},"end":{"line":34,"column":1}},"line":28}},"f":{"0":12}}
,"E:\\gr-xm\\utils\\src\\color\\randomHex.ts": {"path":"E:\\gr-xm\\utils\\src\\color\\randomHex.ts","all":false,"statementMap":{"0":{"start":{"line":1,"column":0},"end":{"line":1,"column":34}},"1":{"start":{"line":12,"column":0},"end":{"line":12,"column":45}},"2":{"start":{"line":13,"column":0},"end":{"line":13,"column":95}},"3":{"start":{"line":14,"column":0},"end":{"line":14,"column":15}},"4":{"start":{"line":15,"column":0},"end":{"line":15,"column":31}},"5":{"start":{"line":16,"column":0},"end":{"line":16,"column":30}},"6":{"start":{"line":17,"column":0},"end":{"line":17,"column":3}},"7":{"start":{"line":18,"column":0},"end":{"line":18,"column":12}},"8":{"start":{"line":19,"column":0},"end":{"line":19,"column":1}}},"s":{"0":2,"1":1,"2":1,"3":1,"4":1,"5":6,"6":6,"7":1,"8":1},"branchMap":{"0":{"type":"branch","line":12,"loc":{"start":{"line":12,"column":0},"end":{"line":19,"column":1}},"locations":[{"start":{"line":12,"column":0},"end":{"line":19,"column":1}}]},"1":{"type":"branch","line":15,"loc":{"start":{"line":15,"column":30},"end":{"line":17,"column":3}},"locations":[{"start":{"line":15,"column":30},"end":{"line":17,"column":3}}]}},"b":{"0":[1],"1":[6]},"fnMap":{"0":{"name":"randomHex","decl":{"start":{"line":12,"column":0},"end":{"line":19,"column":1}},"loc":{"start":{"line":12,"column":0},"end":{"line":19,"column":1}},"line":12}},"f":{"0":1}}
,"E:\\gr-xm\\utils\\src\\color\\randomRgba.ts": {"path":"E:\\gr-xm\\utils\\src\\color\\randomRgba.ts","all":false,"statementMap":{"0":{"start":{"line":1,"column":0},"end":{"line":1,"column":39}},"1":{"start":{"line":13,"column":0},"end":{"line":13,"column":46}},"2":{"start":{"line":14,"column":0},"end":{"line":14,"column":100}},"3":{"start":{"line":15,"column":0},"end":{"line":15,"column":1}}},"s":{"0":2,"1":1,"2":1,"3":1},"branchMap":{"0":{"type":"branch","line":13,"loc":{"start":{"line":13,"column":0},"end":{"line":15,"column":1}},"locations":[{"start":{"line":13,"column":0},"end":{"line":15,"column":1}}]}},"b":{"0":[1]},"fnMap":{"0":{"name":"randomRgba","decl":{"start":{"line":13,"column":0},"end":{"line":15,"column":1}},"loc":{"start":{"line":13,"column":0},"end":{"line":15,"column":1}},"line":13}},"f":{"0":1}}
,"E:\\gr-xm\\utils\\src\\color\\rgbToHex.ts": {"path":"E:\\gr-xm\\utils\\src\\color\\rgbToHex.ts","all":false,"statementMap":{"0":{"start":{"line":1,"column":0},"end":{"line":1,"column":35}},"1":{"start":{"line":19,"column":0},"end":{"line":19,"column":56}},"2":{"start":{"line":20,"column":0},"end":{"line":20,"column":40}},"3":{"start":{"line":21,"column":0},"end":{"line":21,"column":29}},"4":{"start":{"line":22,"column":0},"end":{"line":22,"column":31}},"5":{"start":{"line":23,"column":0},"end":{"line":23,"column":80}},"6":{"start":{"line":24,"column":0},"end":{"line":24,"column":50}},"7":{"start":{"line":25,"column":0},"end":{"line":25,"column":4}},"8":{"start":{"line":26,"column":0},"end":{"line":26,"column":29}},"9":{"start":{"line":27,"column":0},"end":{"line":27,"column":1}}},"s":{"0":2,"1":3,"2":3,"3":2,"4":2,"5":8,"6":6,"7":2,"8":2,"9":2},"branchMap":{"0":{"type":"branch","line":19,"loc":{"start":{"line":19,"column":0},"end":{"line":27,"column":1}},"locations":[{"start":{"line":19,"column":0},"end":{"line":27,"column":1}}]},"1":{"type":"branch","line":20,"loc":{"start":{"line":20,"column":21},"end":{"line":20,"column":40}},"locations":[{"start":{"line":20,"column":21},"end":{"line":20,"column":40}}]},"2":{"type":"branch","line":20,"loc":{"start":{"line":20,"column":27},"end":{"line":27,"column":1}},"locations":[{"start":{"line":20,"column":27},"end":{"line":27,"column":1}}]},"3":{"type":"branch","line":22,"loc":{"start":{"line":22,"column":20},"end":{"line":25,"column":3}},"locations":[{"start":{"line":22,"column":20},"end":{"line":25,"column":3}}]},"4":{"type":"branch","line":23,"loc":{"start":{"line":23,"column":16},"end":{"line":23,"column":80}},"locations":[{"start":{"line":23,"column":16},"end":{"line":23,"column":80}}]},"5":{"type":"branch","line":23,"loc":{"start":{"line":23,"column":79},"end":{"line":24,"column":50}},"locations":[{"start":{"line":23,"column":79},"end":{"line":24,"column":50}}]}},"b":{"0":[3],"1":[1],"2":[2],"3":[8],"4":[2],"5":[6]},"fnMap":{"0":{"name":"rgbToHex","decl":{"start":{"line":19,"column":0},"end":{"line":27,"column":1}},"loc":{"start":{"line":19,"column":0},"end":{"line":27,"column":1}},"line":19}},"f":{"0":3}}
,"E:\\gr-xm\\utils\\src\\color\\shrinkHex.ts": {"path":"E:\\gr-xm\\utils\\src\\color\\shrinkHex.ts","all":false,"statementMap":{"0":{"start":{"line":1,"column":0},"end":{"line":1,"column":33}},"1":{"start":{"line":19,"column":0},"end":{"line":19,"column":57}},"2":{"start":{"line":20,"column":0},"end":{"line":20,"column":37}},"3":{"start":{"line":21,"column":0},"end":{"line":21,"column":48}},"4":{"start":{"line":22,"column":0},"end":{"line":22,"column":56}},"5":{"start":{"line":23,"column":0},"end":{"line":23,"column":49}},"6":{"start":{"line":24,"column":0},"end":{"line":24,"column":1}}},"s":{"0":2,"1":9,"2":9,"3":9,"4":4,"5":4,"6":4},"branchMap":{"0":{"type":"branch","line":19,"loc":{"start":{"line":19,"column":0},"end":{"line":24,"column":1}},"locations":[{"start":{"line":19,"column":0},"end":{"line":24,"column":1}}]},"1":{"type":"branch","line":20,"loc":{"start":{"line":20,"column":19},"end":{"line":20,"column":37}},"locations":[{"start":{"line":20,"column":19},"end":{"line":20,"column":37}}]},"2":{"type":"branch","line":20,"loc":{"start":{"line":20,"column":25},"end":{"line":21,"column":44}},"locations":[{"start":{"line":20,"column":25},"end":{"line":21,"column":44}}]},"3":{"type":"branch","line":21,"loc":{"start":{"line":21,"column":37},"end":{"line":21,"column":48}},"locations":[{"start":{"line":21,"column":37},"end":{"line":21,"column":48}}]},"4":{"type":"branch","line":21,"loc":{"start":{"line":21,"column":44},"end":{"line":24,"column":1}},"locations":[{"start":{"line":21,"column":44},"end":{"line":24,"column":1}}]},"5":{"type":"branch","line":23,"loc":{"start":{"line":23,"column":24},"end":{"line":23,"column":39}},"locations":[{"start":{"line":23,"column":24},"end":{"line":23,"column":39}}]}},"b":{"0":[9],"1":[3],"2":[6],"3":[2],"4":[4],"5":[13]},"fnMap":{"0":{"name":"shrinkHex","decl":{"start":{"line":19,"column":0},"end":{"line":24,"column":1}},"loc":{"start":{"line":19,"column":0},"end":{"line":24,"column":1}},"line":19}},"f":{"0":9}}
,"E:\\gr-xm\\utils\\src\\common\\typeOf.ts": {"path":"E:\\gr-xm\\utils\\src\\common\\typeOf.ts","all":false,"statementMap":{"0":{"start":{"line":37,"column":0},"end":{"line":37,"column":52}},"1":{"start":{"line":38,"column":0},"end":{"line":38,"column":59}},"2":{"start":{"line":39,"column":0},"end":{"line":39,"column":1}}},"s":{"0":591,"1":591,"2":591},"branchMap":{"0":{"type":"branch","line":37,"loc":{"start":{"line":37,"column":0},"end":{"line":39,"column":1}},"locations":[{"start":{"line":37,"column":0},"end":{"line":39,"column":1}}]}},"b":{"0":[591]},"fnMap":{"0":{"name":"typeOf","decl":{"start":{"line":37,"column":0},"end":{"line":39,"column":1}},"loc":{"start":{"line":37,"column":0},"end":{"line":39,"column":1}},"line":37}},"f":{"0":591}}
,"E:\\gr-xm\\utils\\src\\date\\days.ts": {"path":"E:\\gr-xm\\utils\\src\\date\\days.ts","all":false,"statementMap":{"0":{"start":{"line":1,"column":0},"end":{"line":1,"column":38}},"1":{"start":{"line":63,"column":0},"end":{"line":63,"column":101}},"2":{"start":{"line":65,"column":0},"end":{"line":65,"column":112}},"3":{"start":{"line":66,"column":0},"end":{"line":66,"column":58}},"4":{"start":{"line":67,"column":0},"end":{"line":67,"column":54}},"5":{"start":{"line":68,"column":0},"end":{"line":68,"column":62}},"6":{"start":{"line":69,"column":0},"end":{"line":69,"column":13}},"7":{"start":{"line":70,"column":0},"end":{"line":70,"column":1}}},"s":{"0":2,"1":49,"2":49,"3":46,"4":45,"5":49,"6":48,"7":48},"branchMap":{"0":{"type":"branch","line":63,"loc":{"start":{"line":63,"column":0},"end":{"line":70,"column":1}},"locations":[{"start":{"line":63,"column":0},"end":{"line":70,"column":1}}]},"1":{"type":"branch","line":65,"loc":{"start":{"line":65,"column":62},"end":{"line":65,"column":95}},"locations":[{"start":{"line":65,"column":62},"end":{"line":65,"column":95}}]},"2":{"type":"branch","line":65,"loc":{"start":{"line":65,"column":95},"end":{"line":65,"column":112}},"locations":[{"start":{"line":65,"column":95},"end":{"line":65,"column":112}}]},"3":{"type":"branch","line":65,"loc":{"start":{"line":65,"column":111},"end":{"line":67,"column":54}},"locations":[{"start":{"line":65,"column":111},"end":{"line":67,"column":54}}]},"4":{"type":"branch","line":66,"loc":{"start":{"line":66,"column":26},"end":{"line":66,"column":58}},"locations":[{"start":{"line":66,"column":26},"end":{"line":66,"column":58}}]},"5":{"type":"branch","line":66,"loc":{"start":{"line":66,"column":57},"end":{"line":67,"column":54}},"locations":[{"start":{"line":66,"column":57},"end":{"line":67,"column":54}}]},"6":{"type":"branch","line":68,"loc":{"start":{"line":68,"column":42},"end":{"line":68,"column":62}},"locations":[{"start":{"line":68,"column":42},"end":{"line":68,"column":62}}]},"7":{"type":"branch","line":68,"loc":{"start":{"line":68,"column":48},"end":{"line":70,"column":1}},"locations":[{"start":{"line":68,"column":48},"end":{"line":70,"column":1}}]}},"b":{"0":[49],"1":[27],"2":[3],"3":[46],"4":[1],"5":[45],"6":[1],"7":[48]},"fnMap":{"0":{"name":"days","decl":{"start":{"line":63,"column":0},"end":{"line":70,"column":1}},"loc":{"start":{"line":63,"column":0},"end":{"line":70,"column":1}},"line":63}},"f":{"0":49}}
,"E:\\gr-xm\\utils\\src\\date\\formats.ts": {"path":"E:\\gr-xm\\utils\\src\\date\\formats.ts","all":false,"statementMap":{"0":{"start":{"line":1,"column":0},"end":{"line":1,"column":30}},"1":{"start":{"line":28,"column":0},"end":{"line":28,"column":32}},"2":{"start":{"line":29,"column":0},"end":{"line":29,"column":66}},"3":{"start":{"line":30,"column":0},"end":{"line":30,"column":32}},"4":{"start":{"line":31,"column":0},"end":{"line":31,"column":11}},"5":{"start":{"line":32,"column":0},"end":{"line":32,"column":25}},"6":{"start":{"line":33,"column":0},"end":{"line":33,"column":41}},"7":{"start":{"line":34,"column":0},"end":{"line":34,"column":41}},"8":{"start":{"line":35,"column":0},"end":{"line":35,"column":40}},"9":{"start":{"line":36,"column":0},"end":{"line":36,"column":42}},"10":{"start":{"line":37,"column":0},"end":{"line":37,"column":35}},"11":{"start":{"line":38,"column":0},"end":{"line":38,"column":37}},"12":{"start":{"line":39,"column":0},"end":{"line":39,"column":36}},"13":{"start":{"line":40,"column":0},"end":{"line":40,"column":38}},"14":{"start":{"line":41,"column":0},"end":{"line":41,"column":38}},"15":{"start":{"line":42,"column":0},"end":{"line":42,"column":40}},"16":{"start":{"line":43,"column":0},"end":{"line":43,"column":38}},"17":{"start":{"line":44,"column":0},"end":{"line":44,"column":40}},"18":{"start":{"line":45,"column":0},"end":{"line":45,"column":15}},"19":{"start":{"line":46,"column":0},"end":{"line":46,"column":26}},"20":{"start":{"line":47,"column":0},"end":{"line":47,"column":22}},"21":{"start":{"line":48,"column":0},"end":{"line":48,"column":22}},"22":{"start":{"line":49,"column":0},"end":{"line":49,"column":20}},"23":{"start":{"line":50,"column":0},"end":{"line":50,"column":22}},"24":{"start":{"line":51,"column":0},"end":{"line":51,"column":20}},"25":{"start":{"line":52,"column":0},"end":{"line":52,"column":22}},"26":{"start":{"line":53,"column":0},"end":{"line":53,"column":20}},"27":{"start":{"line":54,"column":0},"end":{"line":54,"column":22}},"28":{"start":{"line":55,"column":0},"end":{"line":55,"column":20}},"29":{"start":{"line":56,"column":0},"end":{"line":56,"column":22}},"30":{"start":{"line":57,"column":0},"end":{"line":57,"column":20}},"31":{"start":{"line":58,"column":0},"end":{"line":58,"column":1}}},"s":{"0":2,"1":6,"2":6,"3":6,"4":6,"5":6,"6":6,"7":6,"8":6,"9":6,"10":6,"11":6,"12":6,"13":6,"14":6,"15":6,"16":6,"17":6,"18":6,"19":6,"20":6,"21":6,"22":6,"23":6,"24":6,"25":6,"26":6,"27":6,"28":6,"29":6,"30":6,"31":6},"branchMap":{"0":{"type":"branch","line":28,"loc":{"start":{"line":28,"column":0},"end":{"line":58,"column":1}},"locations":[{"start":{"line":28,"column":0},"end":{"line":58,"column":1}}]}},"b":{"0":[6]},"fnMap":{"0":{"name":"formats","decl":{"start":{"line":28,"column":0},"end":{"line":58,"column":1}},"loc":{"start":{"line":28,"column":0},"end":{"line":58,"column":1}},"line":28}},"f":{"0":6}}
,"E:\\gr-xm\\utils\\src\\date\\getDataSection.ts": {"path":"E:\\gr-xm\\utils\\src\\date\\getDataSection.ts","all":false,"statementMap":{"0":{"start":{"line":1,"column":0},"end":{"line":1,"column":30}},"1":{"start":{"line":43,"column":0},"end":{"line":43,"column":39}},"2":{"start":{"line":44,"column":0},"end":{"line":44,"column":10}},"3":{"start":{"line":45,"column":0},"end":{"line":45,"column":11}},"4":{"start":{"line":49,"column":0},"end":{"line":49,"column":67}},"5":{"start":{"line":50,"column":0},"end":{"line":50,"column":24}},"6":{"start":{"line":51,"column":0},"end":{"line":51,"column":39}},"7":{"start":{"line":52,"column":0},"end":{"line":52,"column":45}},"8":{"start":{"line":53,"column":0},"end":{"line":53,"column":81}},"9":{"start":{"line":54,"column":0},"end":{"line":54,"column":53}},"10":{"start":{"line":55,"column":0},"end":{"line":55,"column":60}},"11":{"start":{"line":56,"column":0},"end":{"line":56,"column":41}},"12":{"start":{"line":57,"column":0},"end":{"line":57,"column":48}},"13":{"start":{"line":58,"column":0},"end":{"line":58,"column":82}},"14":{"start":{"line":59,"column":0},"end":{"line":59,"column":63}},"15":{"start":{"line":60,"column":0},"end":{"line":60,"column":1}}},"s":{"0":2,"1":7,"2":7,"3":7,"4":7,"5":7,"6":7,"7":7,"8":5,"9":7,"10":7,"11":3,"12":3,"13":7,"14":2,"15":2},"branchMap":{"0":{"type":"branch","line":43,"loc":{"start":{"line":43,"column":0},"end":{"line":60,"column":1}},"locations":[{"start":{"line":43,"column":0},"end":{"line":60,"column":1}}]},"1":{"type":"branch","line":51,"loc":{"start":{"line":51,"column":22},"end":{"line":51,"column":39}},"locations":[{"start":{"line":51,"column":22},"end":{"line":51,"column":39}}]},"2":{"type":"branch","line":51,"loc":{"start":{"line":51,"column":28},"end":{"line":52,"column":31}},"locations":[{"start":{"line":51,"column":28},"end":{"line":52,"column":31}}]},"3":{"type":"branch","line":52,"loc":{"start":{"line":52,"column":25},"end":{"line":52,"column":45}},"locations":[{"start":{"line":52,"column":25},"end":{"line":52,"column":45}}]},"4":{"type":"branch","line":52,"loc":{"start":{"line":52,"column":31},"end":{"line":54,"column":31}},"locations":[{"start":{"line":52,"column":31},"end":{"line":54,"column":31}}]},"5":{"type":"branch","line":54,"loc":{"start":{"line":54,"column":25},"end":{"line":54,"column":53}},"locations":[{"start":{"line":54,"column":25},"end":{"line":54,"column":53}}]},"6":{"type":"branch","line":54,"loc":{"start":{"line":54,"column":31},"end":{"line":55,"column":35}},"locations":[{"start":{"line":54,"column":31},"end":{"line":55,"column":35}}]},"7":{"type":"branch","line":55,"loc":{"start":{"line":55,"column":29},"end":{"line":55,"column":60}},"locations":[{"start":{"line":55,"column":29},"end":{"line":55,"column":60}}]},"8":{"type":"branch","line":55,"loc":{"start":{"line":55,"column":35},"end":{"line":58,"column":24}},"locations":[{"start":{"line":55,"column":35},"end":{"line":58,"column":24}}]},"9":{"type":"branch","line":58,"loc":{"start":{"line":58,"column":17},"end":{"line":58,"column":82}},"locations":[{"start":{"line":58,"column":17},"end":{"line":58,"column":82}}]},"10":{"type":"branch","line":58,"loc":{"start":{"line":58,"column":81},"end":{"line":60,"column":1}},"locations":[{"start":{"line":58,"column":81},"end":{"line":60,"column":1}}]}},"b":{"0":[7],"1":[1],"2":[6],"3":[1],"4":[5],"5":[1],"6":[4],"7":[1],"8":[3],"9":[1],"10":[2]},"fnMap":{"0":{"name":"getDataSection","decl":{"start":{"line":43,"column":0},"end":{"line":60,"column":1}},"loc":{"start":{"line":43,"column":0},"end":{"line":60,"column":1}},"line":43}},"f":{"0":7}}
,"E:\\gr-xm\\utils\\src\\date\\getMonthDays.ts": {"path":"E:\\gr-xm\\utils\\src\\date\\getMonthDays.ts","all":false,"statementMap":{"0":{"start":{"line":20,"column":0},"end":{"line":20,"column":77}},"1":{"start":{"line":21,"column":0},"end":{"line":21,"column":47}},"2":{"start":{"line":22,"column":0},"end":{"line":22,"column":51}},"3":{"start":{"line":23,"column":0},"end":{"line":23,"column":39}},"4":{"start":{"line":24,"column":0},"end":{"line":24,"column":49}},"5":{"start":{"line":25,"column":0},"end":{"line":25,"column":23}},"6":{"start":{"line":26,"column":0},"end":{"line":26,"column":1}}},"s":{"0":3,"1":3,"2":3,"3":3,"4":3,"5":2,"6":2},"branchMap":{"0":{"type":"branch","line":20,"loc":{"start":{"line":20,"column":0},"end":{"line":26,"column":1}},"locations":[{"start":{"line":20,"column":0},"end":{"line":26,"column":1}}]},"1":{"type":"branch","line":21,"loc":{"start":{"line":21,"column":9},"end":{"line":21,"column":23}},"locations":[{"start":{"line":21,"column":9},"end":{"line":21,"column":23}}]},"2":{"type":"branch","line":21,"loc":{"start":{"line":21,"column":16},"end":{"line":21,"column":47}},"locations":[{"start":{"line":21,"column":16},"end":{"line":21,"column":47}}]},"3":{"type":"branch","line":22,"loc":{"start":{"line":22,"column":10},"end":{"line":22,"column":26}},"locations":[{"start":{"line":22,"column":10},"end":{"line":22,"column":26}}]},"4":{"type":"branch","line":22,"loc":{"start":{"line":22,"column":18},"end":{"line":22,"column":51}},"locations":[{"start":{"line":22,"column":18},"end":{"line":22,"column":51}}]},"5":{"type":"branch","line":24,"loc":{"start":{"line":24,"column":29},"end":{"line":24,"column":49}},"locations":[{"start":{"line":24,"column":29},"end":{"line":24,"column":49}}]},"6":{"type":"branch","line":24,"loc":{"start":{"line":24,"column":35},"end":{"line":26,"column":1}},"locations":[{"start":{"line":24,"column":35},"end":{"line":26,"column":1}}]}},"b":{"0":[3],"1":[2],"2":[1],"3":[2],"4":[1],"5":[1],"6":[2]},"fnMap":{"0":{"name":"getMonthDays","decl":{"start":{"line":20,"column":0},"end":{"line":26,"column":1}},"loc":{"start":{"line":20,"column":0},"end":{"line":26,"column":1}},"line":20}},"f":{"0":3}}
,"E:\\gr-xm\\utils\\src\\date\\getMonthsUntilDate.ts": {"path":"E:\\gr-xm\\utils\\src\\date\\getMonthsUntilDate.ts","all":false,"statementMap":{"0":{"start":{"line":1,"column":0},"end":{"line":1,"column":30}},"1":{"start":{"line":25,"column":0},"end":{"line":25,"column":67}},"2":{"start":{"line":26,"column":0},"end":{"line":26,"column":96}},"3":{"start":{"line":27,"column":0},"end":{"line":27,"column":52}},"4":{"start":{"line":28,"column":0},"end":{"line":28,"column":3}},"5":{"start":{"line":30,"column":0},"end":{"line":30,"column":79}},"6":{"start":{"line":32,"column":0},"end":{"line":32,"column":48}},"7":{"start":{"line":33,"column":0},"end":{"line":33,"column":54}},"8":{"start":{"line":34,"column":0},"end":{"line":34,"column":57}},"9":{"start":{"line":35,"column":0},"end":{"line":35,"column":89}},"10":{"start":{"line":37,"column":0},"end":{"line":37,"column":40}},"11":{"start":{"line":39,"column":0},"end":{"line":39,"column":28}},"12":{"start":{"line":40,"column":0},"end":{"line":40,"column":19}},"13":{"start":{"line":41,"column":0},"end":{"line":41,"column":45}},"14":{"start":{"line":42,"column":0},"end":{"line":42,"column":47}},"15":{"start":{"line":44,"column":0},"end":{"line":44,"column":16}},"16":{"start":{"line":45,"column":0},"end":{"line":45,"column":68}},"17":{"start":{"line":46,"column":0},"end":{"line":46,"column":52}},"18":{"start":{"line":48,"column":0},"end":{"line":48,"column":65}},"19":{"start":{"line":50,"column":0},"end":{"line":50,"column":97}},"20":{"start":{"line":51,"column":0},"end":{"line":51,"column":11}},"21":{"start":{"line":52,"column":0},"end":{"line":52,"column":5}},"22":{"start":{"line":53,"column":0},"end":{"line":53,"column":19}},"23":{"start":{"line":54,"column":0},"end":{"line":54,"column":20}},"24":{"start":{"line":56,"column":0},"end":{"line":56,"column":30}},"25":{"start":{"line":57,"column":0},"end":{"line":57,"column":24}},"26":{"start":{"line":59,"column":0},"end":{"line":59,"column":21}},"27":{"start":{"line":60,"column":0},"end":{"line":60,"column":7}},"28":{"start":{"line":61,"column":0},"end":{"line":61,"column":12}},"29":{"start":{"line":63,"column":0},"end":{"line":63,"column":20}},"30":{"start":{"line":65,"column":0},"end":{"line":65,"column":29}},"31":{"start":{"line":66,"column":0},"end":{"line":66,"column":25}},"32":{"start":{"line":68,"column":0},"end":{"line":68,"column":21}},"33":{"start":{"line":69,"column":0},"end":{"line":69,"column":7}},"34":{"start":{"line":70,"column":0},"end":{"line":70,"column":5}},"35":{"start":{"line":71,"column":0},"end":{"line":71,"column":3}},"36":{"start":{"line":72,"column":0},"end":{"line":72,"column":15}},"37":{"start":{"line":73,"column":0},"end":{"line":73,"column":1}}},"s":{"0":2,"1":7,"2":7,"3":0,"4":0,"5":7,"6":4,"7":4,"8":7,"9":7,"10":4,"11":4,"12":4,"13":4,"14":4,"15":7,"16":21,"17":21,"18":21,"19":21,"20":4,"21":4,"22":21,"23":10,"24":10,"25":1,"26":1,"27":1,"28":21,"29":7,"30":7,"31":1,"32":1,"33":1,"34":7,"35":21,"36":4,"37":4},"branchMap":{"0":{"type":"branch","line":25,"loc":{"start":{"line":25,"column":0},"end":{"line":73,"column":1}},"locations":[{"start":{"line":25,"column":0},"end":{"line":73,"column":1}}]},"1":{"type":"branch","line":26,"loc":{"start":{"line":26,"column":61},"end":{"line":26,"column":95}},"locations":[{"start":{"line":26,"column":61},"end":{"line":26,"column":95}}]},"2":{"type":"branch","line":26,"loc":{"start":{"line":26,"column":95},"end":{"line":28,"column":3}},"locations":[{"start":{"line":26,"column":95},"end":{"line":28,"column":3}}]},"3":{"type":"branch","line":30,"loc":{"start":{"line":30,"column":46},"end":{"line":30,"column":79}},"locations":[{"start":{"line":30,"column":46},"end":{"line":30,"column":79}}]},"4":{"type":"branch","line":30,"loc":{"start":{"line":30,"column":52},"end":{"line":34,"column":45}},"locations":[{"start":{"line":30,"column":52},"end":{"line":34,"column":45}}]},"5":{"type":"branch","line":34,"loc":{"start":{"line":34,"column":39},"end":{"line":34,"column":57}},"locations":[{"start":{"line":34,"column":39},"end":{"line":34,"column":57}}]},"6":{"type":"branch","line":34,"loc":{"start":{"line":34,"column":45},"end":{"line":35,"column":69}},"locations":[{"start":{"line":34,"column":45},"end":{"line":35,"column":69}}]},"7":{"type":"branch","line":35,"loc":{"start":{"line":35,"column":69},"end":{"line":35,"column":89}},"locations":[{"start":{"line":35,"column":69},"end":{"line":35,"column":89}}]},"8":{"type":"branch","line":35,"loc":{"start":{"line":35,"column":75},"end":{"line":44,"column":15}},"locations":[{"start":{"line":35,"column":75},"end":{"line":44,"column":15}}]},"9":{"type":"branch","line":44,"loc":{"start":{"line":44,"column":15},"end":{"line":71,"column":3}},"locations":[{"start":{"line":44,"column":15},"end":{"line":71,"column":3}}]},"10":{"type":"branch","line":50,"loc":{"start":{"line":50,"column":47},"end":{"line":50,"column":96}},"locations":[{"start":{"line":50,"column":47},"end":{"line":50,"column":96}}]},"11":{"type":"branch","line":50,"loc":{"start":{"line":50,"column":96},"end":{"line":52,"column":5}},"locations":[{"start":{"line":50,"column":96},"end":{"line":52,"column":5}}]},"12":{"type":"branch","line":52,"loc":{"start":{"line":52,"column":4},"end":{"line":53,"column":18}},"locations":[{"start":{"line":52,"column":4},"end":{"line":53,"column":18}}]},"13":{"type":"branch","line":53,"loc":{"start":{"line":53,"column":18},"end":{"line":61,"column":11}},"locations":[{"start":{"line":53,"column":18},"end":{"line":61,"column":11}}]},"14":{"type":"branch","line":56,"loc":{"start":{"line":56,"column":29},"end":{"line":60,"column":7}},"locations":[{"start":{"line":56,"column":29},"end":{"line":60,"column":7}}]},"15":{"type":"branch","line":61,"loc":{"start":{"line":61,"column":4},"end":{"line":70,"column":5}},"locations":[{"start":{"line":61,"column":4},"end":{"line":70,"column":5}}]},"16":{"type":"branch","line":65,"loc":{"start":{"line":65,"column":28},"end":{"line":69,"column":7}},"locations":[{"start":{"line":65,"column":28},"end":{"line":69,"column":7}}]},"17":{"type":"branch","line":71,"loc":{"start":{"line":71,"column":2},"end":{"line":73,"column":1}},"locations":[{"start":{"line":71,"column":2},"end":{"line":73,"column":1}}]}},"b":{"0":[7],"1":[6],"2":[0],"3":[3],"4":[4],"5":[0],"6":[4],"7":[0],"8":[4],"9":[21],"10":[8],"11":[4],"12":[17],"13":[10],"14":[1],"15":[7],"16":[1],"17":[4]},"fnMap":{"0":{"name":"getMonthsUntilDate","decl":{"start":{"line":25,"column":0},"end":{"line":73,"column":1}},"loc":{"start":{"line":25,"column":0},"end":{"line":73,"column":1}},"line":25}},"f":{"0":7}}
,"E:\\gr-xm\\utils\\src\\date\\howLongAgo.ts": {"path":"E:\\gr-xm\\utils\\src\\date\\howLongAgo.ts","all":false,"statementMap":{"0":{"start":{"line":1,"column":0},"end":{"line":1,"column":30}},"1":{"start":{"line":31,"column":0},"end":{"line":31,"column":35}},"2":{"start":{"line":32,"column":0},"end":{"line":32,"column":69}},"3":{"start":{"line":33,"column":0},"end":{"line":33,"column":70}},"4":{"start":{"line":34,"column":0},"end":{"line":34,"column":3}},"5":{"start":{"line":35,"column":0},"end":{"line":35,"column":35}},"6":{"start":{"line":36,"column":0},"end":{"line":36,"column":39}},"7":{"start":{"line":37,"column":0},"end":{"line":37,"column":34}},"8":{"start":{"line":38,"column":0},"end":{"line":38,"column":46}},"9":{"start":{"line":39,"column":0},"end":{"line":39,"column":71}},"10":{"start":{"line":40,"column":0},"end":{"line":40,"column":74}},"11":{"start":{"line":41,"column":0},"end":{"line":41,"column":70}},"12":{"start":{"line":42,"column":0},"end":{"line":42,"column":69}},"13":{"start":{"line":43,"column":0},"end":{"line":43,"column":65}},"14":{"start":{"line":44,"column":0},"end":{"line":44,"column":62}},"15":{"start":{"line":45,"column":0},"end":{"line":45,"column":18}},"16":{"start":{"line":46,"column":0},"end":{"line":46,"column":1}}},"s":{"0":2,"1":9,"2":9,"3":9,"4":9,"5":9,"6":9,"7":9,"8":9,"9":9,"10":7,"11":6,"12":5,"13":4,"14":3,"15":2,"16":9},"branchMap":{"0":{"type":"branch","line":31,"loc":{"start":{"line":31,"column":0},"end":{"line":46,"column":1}},"locations":[{"start":{"line":31,"column":0},"end":{"line":46,"column":1}}]},"1":{"type":"branch","line":38,"loc":{"start":{"line":38,"column":16},"end":{"line":38,"column":46}},"locations":[{"start":{"line":38,"column":16},"end":{"line":38,"column":46}}]},"2":{"type":"branch","line":38,"loc":{"start":{"line":38,"column":22},"end":{"line":39,"column":34}},"locations":[{"start":{"line":38,"column":22},"end":{"line":39,"column":34}}]},"3":{"type":"branch","line":39,"loc":{"start":{"line":39,"column":27},"end":{"line":39,"column":71}},"locations":[{"start":{"line":39,"column":27},"end":{"line":39,"column":71}}]},"4":{"type":"branch","line":39,"loc":{"start":{"line":39,"column":67},"end":{"line":45,"column":18}},"locations":[{"start":{"line":39,"column":67},"end":{"line":45,"column":18}}]},"5":{"type":"branch","line":40,"loc":{"start":{"line":40,"column":31},"end":{"line":40,"column":74}},"locations":[{"start":{"line":40,"column":31},"end":{"line":40,"column":74}}]},"6":{"type":"branch","line":40,"loc":{"start":{"line":40,"column":70},"end":{"line":45,"column":18}},"locations":[{"start":{"line":40,"column":70},"end":{"line":45,"column":18}}]},"7":{"type":"branch","line":41,"loc":{"start":{"line":41,"column":29},"end":{"line":41,"column":70}},"locations":[{"start":{"line":41,"column":29},"end":{"line":41,"column":70}}]},"8":{"type":"branch","line":41,"loc":{"start":{"line":41,"column":66},"end":{"line":45,"column":18}},"locations":[{"start":{"line":41,"column":66},"end":{"line":45,"column":18}}]},"9":{"type":"branch","line":42,"loc":{"start":{"line":42,"column":28},"end":{"line":42,"column":69}},"locations":[{"start":{"line":42,"column":28},"end":{"line":42,"column":69}}]},"10":{"type":"branch","line":42,"loc":{"start":{"line":42,"column":64},"end":{"line":45,"column":18}},"locations":[{"start":{"line":42,"column":64},"end":{"line":45,"column":18}}]},"11":{"type":"branch","line":43,"loc":{"start":{"line":43,"column":26},"end":{"line":43,"column":65}},"locations":[{"start":{"line":43,"column":26},"end":{"line":43,"column":65}}]},"12":{"type":"branch","line":43,"loc":{"start":{"line":43,"column":60},"end":{"line":45,"column":18}},"locations":[{"start":{"line":43,"column":60},"end":{"line":45,"column":18}}]},"13":{"type":"branch","line":44,"loc":{"start":{"line":44,"column":25},"end":{"line":44,"column":62}},"locations":[{"start":{"line":44,"column":25},"end":{"line":44,"column":62}}]},"14":{"type":"branch","line":44,"loc":{"start":{"line":44,"column":58},"end":{"line":45,"column":18}},"locations":[{"start":{"line":44,"column":58},"end":{"line":45,"column":18}}]}},"b":{"0":[9],"1":[1],"2":[8],"3":[1],"4":[7],"5":[1],"6":[6],"7":[1],"8":[5],"9":[1],"10":[4],"11":[1],"12":[3],"13":[1],"14":[2]},"fnMap":{"0":{"name":"howLongAgo","decl":{"start":{"line":31,"column":0},"end":{"line":46,"column":1}},"loc":{"start":{"line":31,"column":0},"end":{"line":46,"column":1}},"line":31}},"f":{"0":9}}
,"E:\\gr-xm\\utils\\src\\date\\timeStamp.ts": {"path":"E:\\gr-xm\\utils\\src\\date\\timeStamp.ts","all":false,"statementMap":{"0":{"start":{"line":1,"column":0},"end":{"line":1,"column":30}},"1":{"start":{"line":30,"column":0},"end":{"line":30,"column":121}},"2":{"start":{"line":31,"column":0},"end":{"line":31,"column":33}},"3":{"start":{"line":32,"column":0},"end":{"line":32,"column":43}},"4":{"start":{"line":33,"column":0},"end":{"line":33,"column":1}}},"s":{"0":2,"1":8,"2":8,"3":8,"4":8},"branchMap":{"0":{"type":"branch","line":30,"loc":{"start":{"line":30,"column":0},"end":{"line":33,"column":1}},"locations":[{"start":{"line":30,"column":0},"end":{"line":33,"column":1}}]},"1":{"type":"branch","line":32,"loc":{"start":{"line":32,"column":17},"end":{"line":32,"column":41}},"locations":[{"start":{"line":32,"column":17},"end":{"line":32,"column":41}}]},"2":{"type":"branch","line":32,"loc":{"start":{"line":32,"column":37},"end":{"line":32,"column":43}},"locations":[{"start":{"line":32,"column":37},"end":{"line":32,"column":43}}]}},"b":{"0":[8],"1":[2],"2":[6]},"fnMap":{"0":{"name":"timeStamp","decl":{"start":{"line":30,"column":0},"end":{"line":33,"column":1}},"loc":{"start":{"line":30,"column":0},"end":{"line":33,"column":1}},"line":30}},"f":{"0":8}}
,"E:\\gr-xm\\utils\\src\\device\\detectDeviceType.ts": {"path":"E:\\gr-xm\\utils\\src\\device\\detectDeviceType.ts","all":false,"statementMap":{"0":{"start":{"line":16,"column":0},"end":{"line":16,"column":44}},"1":{"start":{"line":17,"column":0},"end":{"line":17,"column":80}},"2":{"start":{"line":18,"column":0},"end":{"line":18,"column":1}}},"s":{"0":30,"1":30,"2":30},"branchMap":{"0":{"type":"branch","line":16,"loc":{"start":{"line":16,"column":0},"end":{"line":18,"column":1}},"locations":[{"start":{"line":16,"column":0},"end":{"line":18,"column":1}}]},"1":{"type":"branch","line":17,"loc":{"start":{"line":17,"column":56},"end":{"line":17,"column":71}},"locations":[{"start":{"line":17,"column":56},"end":{"line":17,"column":71}}]},"2":{"type":"branch","line":17,"loc":{"start":{"line":17,"column":60},"end":{"line":17,"column":80}},"locations":[{"start":{"line":17,"column":60},"end":{"line":17,"column":80}}]}},"b":{"0":[30],"1":[25],"2":[5]},"fnMap":{"0":{"name":"detectDeviceType","decl":{"start":{"line":16,"column":0},"end":{"line":18,"column":1}},"loc":{"start":{"line":16,"column":0},"end":{"line":18,"column":1}},"line":16}},"f":{"0":30}}
,"E:\\gr-xm\\utils\\src\\device\\isAndroid.ts": {"path":"E:\\gr-xm\\utils\\src\\device\\isAndroid.ts","all":false,"statementMap":{"0":{"start":{"line":1,"column":0},"end":{"line":1,"column":40}},"1":{"start":{"line":18,"column":0},"end":{"line":18,"column":37}},"2":{"start":{"line":19,"column":0},"end":{"line":19,"column":59}},"3":{"start":{"line":20,"column":0},"end":{"line":20,"column":1}}},"s":{"0":2,"1":8,"2":8,"3":8},"branchMap":{"0":{"type":"branch","line":18,"loc":{"start":{"line":18,"column":0},"end":{"line":20,"column":1}},"locations":[{"start":{"line":18,"column":0},"end":{"line":20,"column":1}}]}},"b":{"0":[8]},"fnMap":{"0":{"name":"isAndroid","decl":{"start":{"line":18,"column":0},"end":{"line":20,"column":1}},"loc":{"start":{"line":18,"column":0},"end":{"line":20,"column":1}},"line":18}},"f":{"0":8}}
,"E:\\gr-xm\\utils\\src\\device\\isDesktop.ts": {"path":"E:\\gr-xm\\utils\\src\\device\\isDesktop.ts","all":false,"statementMap":{"0":{"start":{"line":1,"column":0},"end":{"line":1,"column":56}},"1":{"start":{"line":18,"column":0},"end":{"line":18,"column":37}},"2":{"start":{"line":19,"column":0},"end":{"line":19,"column":41}},"3":{"start":{"line":20,"column":0},"end":{"line":20,"column":1}}},"s":{"0":2,"1":8,"2":8,"3":8},"branchMap":{"0":{"type":"branch","line":18,"loc":{"start":{"line":18,"column":0},"end":{"line":20,"column":1}},"locations":[{"start":{"line":18,"column":0},"end":{"line":20,"column":1}}]}},"b":{"0":[8]},"fnMap":{"0":{"name":"isDesktop","decl":{"start":{"line":18,"column":0},"end":{"line":20,"column":1}},"loc":{"start":{"line":18,"column":0},"end":{"line":20,"column":1}},"line":18}},"f":{"0":8}}
,"E:\\gr-xm\\utils\\src\\device\\isIOS.ts": {"path":"E:\\gr-xm\\utils\\src\\device\\isIOS.ts","all":false,"statementMap":{"0":{"start":{"line":1,"column":0},"end":{"line":1,"column":40}},"1":{"start":{"line":19,"column":0},"end":{"line":19,"column":33}},"2":{"start":{"line":20,"column":0},"end":{"line":20,"column":35}},"3":{"start":{"line":21,"column":0},"end":{"line":21,"column":1}}},"s":{"0":2,"1":4,"2":4,"3":4},"branchMap":{"0":{"type":"branch","line":19,"loc":{"start":{"line":19,"column":0},"end":{"line":21,"column":1}},"locations":[{"start":{"line":19,"column":0},"end":{"line":21,"column":1}}]}},"b":{"0":[4]},"fnMap":{"0":{"name":"isIOS","decl":{"start":{"line":19,"column":0},"end":{"line":21,"column":1}},"loc":{"start":{"line":19,"column":0},"end":{"line":21,"column":1}},"line":19}},"f":{"0":4}}
,"E:\\gr-xm\\utils\\src\\device\\isMobile.ts": {"path":"E:\\gr-xm\\utils\\src\\device\\isMobile.ts","all":false,"statementMap":{"0":{"start":{"line":1,"column":0},"end":{"line":1,"column":56}},"1":{"start":{"line":18,"column":0},"end":{"line":18,"column":36}},"2":{"start":{"line":19,"column":0},"end":{"line":19,"column":40}},"3":{"start":{"line":20,"column":0},"end":{"line":20,"column":1}}},"s":{"0":2,"1":20,"2":20,"3":20},"branchMap":{"0":{"type":"branch","line":18,"loc":{"start":{"line":18,"column":0},"end":{"line":20,"column":1}},"locations":[{"start":{"line":18,"column":0},"end":{"line":20,"column":1}}]}},"b":{"0":[20]},"fnMap":{"0":{"name":"isMobile","decl":{"start":{"line":18,"column":0},"end":{"line":20,"column":1}},"loc":{"start":{"line":18,"column":0},"end":{"line":20,"column":1}},"line":18}},"f":{"0":20}}
,"E:\\gr-xm\\utils\\src\\device\\isQQ.ts": {"path":"E:\\gr-xm\\utils\\src\\device\\isQQ.ts","all":false,"statementMap":{"0":{"start":{"line":16,"column":0},"end":{"line":16,"column":32}},"1":{"start":{"line":17,"column":0},"end":{"line":17,"column":42}},"2":{"start":{"line":18,"column":0},"end":{"line":18,"column":1}}},"s":{"0":2,"1":2,"2":2},"branchMap":{"0":{"type":"branch","line":16,"loc":{"start":{"line":16,"column":0},"end":{"line":18,"column":1}},"locations":[{"start":{"line":16,"column":0},"end":{"line":18,"column":1}}]}},"b":{"0":[2]},"fnMap":{"0":{"name":"isQQ","decl":{"start":{"line":16,"column":0},"end":{"line":18,"column":1}},"loc":{"start":{"line":16,"column":0},"end":{"line":18,"column":1}},"line":16}},"f":{"0":2}}
,"E:\\gr-xm\\utils\\src\\device\\isWeixin.ts": {"path":"E:\\gr-xm\\utils\\src\\device\\isWeixin.ts","all":false,"statementMap":{"0":{"start":{"line":16,"column":0},"end":{"line":16,"column":36}},"1":{"start":{"line":17,"column":0},"end":{"line":17,"column":54}},"2":{"start":{"line":18,"column":0},"end":{"line":18,"column":1}}},"s":{"0":2,"1":2,"2":2},"branchMap":{"0":{"type":"branch","line":16,"loc":{"start":{"line":16,"column":0},"end":{"line":18,"column":1}},"locations":[{"start":{"line":16,"column":0},"end":{"line":18,"column":1}}]}},"b":{"0":[2]},"fnMap":{"0":{"name":"isWeixin","decl":{"start":{"line":16,"column":0},"end":{"line":18,"column":1}},"loc":{"start":{"line":16,"column":0},"end":{"line":18,"column":1}},"line":16}},"f":{"0":2}}
,"E:\\gr-xm\\utils\\src\\device\\isWeixinMini.ts": {"path":"E:\\gr-xm\\utils\\src\\device\\isWeixinMini.ts","all":false,"statementMap":{"0":{"start":{"line":16,"column":0},"end":{"line":16,"column":40}},"1":{"start":{"line":17,"column":0},"end":{"line":17,"column":49}},"2":{"start":{"line":18,"column":0},"end":{"line":18,"column":1}}},"s":{"0":2,"1":2,"2":2},"branchMap":{"0":{"type":"branch","line":16,"loc":{"start":{"line":16,"column":0},"end":{"line":18,"column":1}},"locations":[{"start":{"line":16,"column":0},"end":{"line":18,"column":1}}]}},"b":{"0":[2]},"fnMap":{"0":{"name":"isWeixinMini","decl":{"start":{"line":16,"column":0},"end":{"line":18,"column":1}},"loc":{"start":{"line":16,"column":0},"end":{"line":18,"column":1}},"line":16}},"f":{"0":2}}
,"E:\\gr-xm\\utils\\src\\device\\isWin.ts": {"path":"E:\\gr-xm\\utils\\src\\device\\isWin.ts","all":false,"statementMap":{"0":{"start":{"line":16,"column":0},"end":{"line":16,"column":33}},"1":{"start":{"line":17,"column":0},"end":{"line":17,"column":45}},"2":{"start":{"line":18,"column":0},"end":{"line":18,"column":1}}},"s":{"0":2,"1":2,"2":2},"branchMap":{"0":{"type":"branch","line":16,"loc":{"start":{"line":16,"column":0},"end":{"line":18,"column":1}},"locations":[{"start":{"line":16,"column":0},"end":{"line":18,"column":1}}]}},"b":{"0":[2]},"fnMap":{"0":{"name":"isWin","decl":{"start":{"line":16,"column":0},"end":{"line":18,"column":1}},"loc":{"start":{"line":16,"column":0},"end":{"line":18,"column":1}},"line":16}},"f":{"0":2}}
,"E:\\gr-xm\\utils\\src\\dom\\exitFullscreen.ts": {"path":"E:\\gr-xm\\utils\\src\\dom\\exitFullscreen.ts","all":false,"statementMap":{"0":{"start":{"line":10,"column":0},"end":{"line":10,"column":48}},"1":{"start":{"line":11,"column":0},"end":{"line":11,"column":24}},"2":{"start":{"line":12,"column":0},"end":{"line":12,"column":30}},"3":{"start":{"line":13,"column":0},"end":{"line":13,"column":41}},"4":{"start":{"line":14,"column":0},"end":{"line":14,"column":44}},"5":{"start":{"line":15,"column":0},"end":{"line":15,"column":42}},"6":{"start":{"line":16,"column":0},"end":{"line":16,"column":41}},"7":{"start":{"line":17,"column":0},"end":{"line":17,"column":18}},"8":{"start":{"line":18,"column":0},"end":{"line":18,"column":1}}},"s":{"0":2,"1":2,"2":2,"3":1,"4":1,"5":1,"6":2,"7":1,"8":1},"branchMap":{"0":{"type":"branch","line":10,"loc":{"start":{"line":10,"column":0},"end":{"line":18,"column":1}},"locations":[{"start":{"line":10,"column":0},"end":{"line":18,"column":1}}]},"1":{"type":"branch","line":12,"loc":{"start":{"line":12,"column":13},"end":{"line":13,"column":41}},"locations":[{"start":{"line":12,"column":13},"end":{"line":13,"column":41}}]},"2":{"type":"branch","line":13,"loc":{"start":{"line":13,"column":22},"end":{"line":14,"column":44}},"locations":[{"start":{"line":13,"column":22},"end":{"line":14,"column":44}}]},"3":{"type":"branch","line":14,"loc":{"start":{"line":14,"column":22},"end":{"line":15,"column":42}},"locations":[{"start":{"line":14,"column":22},"end":{"line":15,"column":42}}]},"4":{"type":"branch","line":16,"loc":{"start":{"line":16,"column":23},"end":{"line":18,"column":1}},"locations":[{"start":{"line":16,"column":23},"end":{"line":18,"column":1}}]}},"b":{"0":[2],"1":[1],"2":[1],"3":[1],"4":[1]},"fnMap":{"0":{"name":"exitFullscreen","decl":{"start":{"line":10,"column":0},"end":{"line":18,"column":1}},"loc":{"start":{"line":10,"column":0},"end":{"line":18,"column":1}},"line":10}},"f":{"0":2}}
,"E:\\gr-xm\\utils\\src\\dom\\launchFullscreen.ts": {"path":"E:\\gr-xm\\utils\\src\\dom\\launchFullscreen.ts","all":false,"statementMap":{"0":{"start":{"line":15,"column":0},"end":{"line":15,"column":81}},"1":{"start":{"line":16,"column":0},"end":{"line":16,"column":27}},"2":{"start":{"line":17,"column":0},"end":{"line":17,"column":27}},"3":{"start":{"line":18,"column":0},"end":{"line":18,"column":39}},"4":{"start":{"line":19,"column":0},"end":{"line":19,"column":38}},"5":{"start":{"line":20,"column":0},"end":{"line":20,"column":39}},"6":{"start":{"line":21,"column":0},"end":{"line":21,"column":44}},"7":{"start":{"line":22,"column":0},"end":{"line":22,"column":21}},"8":{"start":{"line":23,"column":0},"end":{"line":23,"column":1}}},"s":{"0":2,"1":2,"2":2,"3":1,"4":1,"5":1,"6":2,"7":1,"8":1},"branchMap":{"0":{"type":"branch","line":15,"loc":{"start":{"line":15,"column":0},"end":{"line":23,"column":1}},"locations":[{"start":{"line":15,"column":0},"end":{"line":23,"column":1}}]},"1":{"type":"branch","line":17,"loc":{"start":{"line":17,"column":7},"end":{"line":18,"column":39}},"locations":[{"start":{"line":17,"column":7},"end":{"line":18,"column":39}}]},"2":{"type":"branch","line":18,"loc":{"start":{"line":18,"column":16},"end":{"line":19,"column":38}},"locations":[{"start":{"line":18,"column":16},"end":{"line":19,"column":38}}]},"3":{"type":"branch","line":19,"loc":{"start":{"line":19,"column":16},"end":{"line":20,"column":39}},"locations":[{"start":{"line":19,"column":16},"end":{"line":20,"column":39}}]},"4":{"type":"branch","line":21,"loc":{"start":{"line":21,"column":26},"end":{"line":23,"column":1}},"locations":[{"start":{"line":21,"column":26},"end":{"line":23,"column":1}}]}},"b":{"0":[2],"1":[1],"2":[1],"3":[1],"4":[1]},"fnMap":{"0":{"name":"launchFullscreen","decl":{"start":{"line":15,"column":0},"end":{"line":23,"column":1}},"loc":{"start":{"line":15,"column":0},"end":{"line":23,"column":1}},"line":15}},"f":{"0":2}}
,"E:\\gr-xm\\utils\\src\\function\\debounce.ts": {"path":"E:\\gr-xm\\utils\\src\\function\\debounce.ts","all":false,"statementMap":{"0":{"start":{"line":1,"column":0},"end":{"line":1,"column":42}},"1":{"start":{"line":42,"column":0},"end":{"line":42,"column":33}},"2":{"start":{"line":43,"column":0},"end":{"line":43,"column":34}},"3":{"start":{"line":44,"column":0},"end":{"line":44,"column":13}},"4":{"start":{"line":45,"column":0},"end":{"line":45,"column":88}},"5":{"start":{"line":46,"column":0},"end":{"line":46,"column":8}},"6":{"start":{"line":47,"column":0},"end":{"line":47,"column":53}},"7":{"start":{"line":48,"column":0},"end":{"line":48,"column":17}},"8":{"start":{"line":49,"column":0},"end":{"line":49,"column":24}},"9":{"start":{"line":50,"column":0},"end":{"line":50,"column":47}},"10":{"start":{"line":51,"column":0},"end":{"line":51,"column":51}},"11":{"start":{"line":52,"column":0},"end":{"line":52,"column":51}},"12":{"start":{"line":53,"column":0},"end":{"line":53,"column":53}},"13":{"start":{"line":54,"column":0},"end":{"line":54,"column":51}},"14":{"start":{"line":55,"column":0},"end":{"line":55,"column":25}},"15":{"start":{"line":56,"column":0},"end":{"line":56,"column":30}},"16":{"start":{"line":57,"column":0},"end":{"line":57,"column":40}},"17":{"start":{"line":58,"column":0},"end":{"line":58,"column":22}},"18":{"start":{"line":59,"column":0},"end":{"line":59,"column":34}},"19":{"start":{"line":60,"column":0},"end":{"line":60,"column":23}},"20":{"start":{"line":61,"column":0},"end":{"line":61,"column":14}},"21":{"start":{"line":62,"column":0},"end":{"line":62,"column":12}},"22":{"start":{"line":63,"column":0},"end":{"line":63,"column":5}},"23":{"start":{"line":64,"column":0},"end":{"line":64,"column":32}},"24":{"start":{"line":65,"column":0},"end":{"line":65,"column":21}},"25":{"start":{"line":66,"column":0},"end":{"line":66,"column":42}},"26":{"start":{"line":67,"column":0},"end":{"line":67,"column":12}},"27":{"start":{"line":68,"column":0},"end":{"line":68,"column":3}},"28":{"start":{"line":69,"column":0},"end":{"line":69,"column":1}}},"s":{"0":2,"1":10,"2":10,"3":10,"4":10,"5":10,"6":10,"7":10,"8":10,"9":10,"10":10,"11":10,"12":10,"13":6,"14":20,"15":20,"16":6,"17":6,"18":6,"19":1,"20":6,"21":6,"22":6,"23":14,"24":8,"25":8,"26":14,"27":20,"28":6},"branchMap":{"0":{"type":"branch","line":42,"loc":{"start":{"line":42,"column":0},"end":{"line":69,"column":1}},"locations":[{"start":{"line":42,"column":0},"end":{"line":69,"column":1}}]},"1":{"type":"branch","line":50,"loc":{"start":{"line":50,"column":25},"end":{"line":50,"column":47}},"locations":[{"start":{"line":50,"column":25},"end":{"line":50,"column":47}}]},"2":{"type":"branch","line":50,"loc":{"start":{"line":50,"column":31},"end":{"line":51,"column":31}},"locations":[{"start":{"line":50,"column":31},"end":{"line":51,"column":31}}]},"3":{"type":"branch","line":51,"loc":{"start":{"line":51,"column":31},"end":{"line":51,"column":51}},"locations":[{"start":{"line":51,"column":31},"end":{"line":51,"column":51}}]},"4":{"type":"branch","line":51,"loc":{"start":{"line":51,"column":37},"end":{"line":52,"column":33}},"locations":[{"start":{"line":51,"column":37},"end":{"line":52,"column":33}}]},"5":{"type":"branch","line":52,"loc":{"start":{"line":52,"column":27},"end":{"line":52,"column":51}},"locations":[{"start":{"line":52,"column":27},"end":{"line":52,"column":51}}]},"6":{"type":"branch","line":52,"loc":{"start":{"line":52,"column":33},"end":{"line":53,"column":34}},"locations":[{"start":{"line":52,"column":33},"end":{"line":53,"column":34}}]},"7":{"type":"branch","line":53,"loc":{"start":{"line":53,"column":28},"end":{"line":53,"column":53}},"locations":[{"start":{"line":53,"column":28},"end":{"line":53,"column":53}}]},"8":{"type":"branch","line":53,"loc":{"start":{"line":53,"column":34},"end":{"line":69,"column":1}},"locations":[{"start":{"line":53,"column":34},"end":{"line":69,"column":1}}]},"9":{"type":"branch","line":54,"loc":{"start":{"line":54,"column":9},"end":{"line":68,"column":3}},"locations":[{"start":{"line":54,"column":9},"end":{"line":68,"column":3}}]},"10":{"type":"branch","line":56,"loc":{"start":{"line":56,"column":8},"end":{"line":56,"column":29}},"locations":[{"start":{"line":56,"column":8},"end":{"line":56,"column":29}}]},"11":{"type":"branch","line":56,"loc":{"start":{"line":56,"column":29},"end":{"line":63,"column":5}},"locations":[{"start":{"line":56,"column":29},"end":{"line":63,"column":5}}]},"12":{"type":"branch","line":63,"loc":{"start":{"line":63,"column":4},"end":{"line":67,"column":12}},"locations":[{"start":{"line":63,"column":4},"end":{"line":67,"column":12}}]},"13":{"type":"branch","line":59,"loc":{"start":{"line":59,"column":27},"end":{"line":61,"column":9}},"locations":[{"start":{"line":59,"column":27},"end":{"line":61,"column":9}}]},"14":{"type":"branch","line":64,"loc":{"start":{"line":64,"column":25},"end":{"line":67,"column":7}},"locations":[{"start":{"line":64,"column":25},"end":{"line":67,"column":7}}]},"15":{"type":"branch","line":66,"loc":{"start":{"line":66,"column":20},"end":{"line":66,"column":42}},"locations":[{"start":{"line":66,"column":20},"end":{"line":66,"column":42}}]}},"b":{"0":[10],"1":[1],"2":[9],"3":[1],"4":[8],"5":[1],"6":[7],"7":[1],"8":[6],"9":[20],"10":[11],"11":[6],"12":[14],"13":[1],"14":[8],"15":[6]},"fnMap":{"0":{"name":"debounce","decl":{"start":{"line":42,"column":0},"end":{"line":69,"column":1}},"loc":{"start":{"line":42,"column":0},"end":{"line":69,"column":1}},"line":42}},"f":{"0":10}}
,"E:\\gr-xm\\utils\\src\\function\\once.ts": {"path":"E:\\gr-xm\\utils\\src\\function\\once.ts","all":false,"statementMap":{"0":{"start":{"line":1,"column":0},"end":{"line":1,"column":44}},"1":{"start":{"line":16,"column":0},"end":{"line":16,"column":63}},"2":{"start":{"line":17,"column":0},"end":{"line":17,"column":47}},"3":{"start":{"line":18,"column":0},"end":{"line":18,"column":20}},"4":{"start":{"line":19,"column":0},"end":{"line":19,"column":51}},"5":{"start":{"line":20,"column":0},"end":{"line":20,"column":18}},"6":{"start":{"line":21,"column":0},"end":{"line":21,"column":19}},"7":{"start":{"line":22,"column":0},"end":{"line":22,"column":28}},"8":{"start":{"line":23,"column":0},"end":{"line":23,"column":5}},"9":{"start":{"line":24,"column":0},"end":{"line":24,"column":3}},"10":{"start":{"line":25,"column":0},"end":{"line":25,"column":1}}},"s":{"0":2,"1":2,"2":2,"3":1,"4":1,"5":3,"6":1,"7":1,"8":1,"9":3,"10":1},"branchMap":{"0":{"type":"branch","line":16,"loc":{"start":{"line":16,"column":0},"end":{"line":25,"column":1}},"locations":[{"start":{"line":16,"column":0},"end":{"line":25,"column":1}}]},"1":{"type":"branch","line":17,"loc":{"start":{"line":17,"column":25},"end":{"line":25,"column":1}},"locations":[{"start":{"line":17,"column":25},"end":{"line":25,"column":1}}]},"2":{"type":"branch","line":19,"loc":{"start":{"line":19,"column":9},"end":{"line":24,"column":3}},"locations":[{"start":{"line":19,"column":9},"end":{"line":24,"column":3}}]},"3":{"type":"branch","line":20,"loc":{"start":{"line":20,"column":17},"end":{"line":23,"column":5}},"locations":[{"start":{"line":20,"column":17},"end":{"line":23,"column":5}}]}},"b":{"0":[2],"1":[1],"2":[3],"3":[1]},"fnMap":{"0":{"name":"once","decl":{"start":{"line":16,"column":0},"end":{"line":25,"column":1}},"loc":{"start":{"line":16,"column":0},"end":{"line":25,"column":1}},"line":16}},"f":{"0":2}}
,"E:\\gr-xm\\utils\\src\\function\\throttle.ts": {"path":"E:\\gr-xm\\utils\\src\\function\\throttle.ts","all":false,"statementMap":{"0":{"start":{"line":1,"column":0},"end":{"line":1,"column":42}},"1":{"start":{"line":33,"column":0},"end":{"line":33,"column":98}},"2":{"start":{"line":34,"column":0},"end":{"line":34,"column":17}},"3":{"start":{"line":35,"column":0},"end":{"line":35,"column":47}},"4":{"start":{"line":36,"column":0},"end":{"line":36,"column":51}},"5":{"start":{"line":37,"column":0},"end":{"line":37,"column":55}},"6":{"start":{"line":38,"column":0},"end":{"line":38,"column":51}},"7":{"start":{"line":39,"column":0},"end":{"line":39,"column":20}},"8":{"start":{"line":40,"column":0},"end":{"line":40,"column":28}},"9":{"start":{"line":41,"column":0},"end":{"line":41,"column":23}},"10":{"start":{"line":42,"column":0},"end":{"line":42,"column":5}},"11":{"start":{"line":43,"column":0},"end":{"line":43,"column":19}},"12":{"start":{"line":44,"column":0},"end":{"line":44,"column":34}},"13":{"start":{"line":45,"column":0},"end":{"line":45,"column":30}},"14":{"start":{"line":46,"column":0},"end":{"line":46,"column":19}},"15":{"start":{"line":47,"column":0},"end":{"line":47,"column":14}},"16":{"start":{"line":48,"column":0},"end":{"line":48,"column":5}},"17":{"start":{"line":49,"column":0},"end":{"line":49,"column":3}},"18":{"start":{"line":50,"column":0},"end":{"line":50,"column":1}}},"s":{"0":2,"1":7,"2":7,"3":7,"4":7,"5":7,"6":4,"7":16,"8":2,"9":2,"10":2,"11":16,"12":10,"13":6,"14":6,"15":10,"16":10,"17":16,"18":4},"branchMap":{"0":{"type":"branch","line":33,"loc":{"start":{"line":33,"column":0},"end":{"line":50,"column":1}},"locations":[{"start":{"line":33,"column":0},"end":{"line":50,"column":1}}]},"1":{"type":"branch","line":35,"loc":{"start":{"line":35,"column":25},"end":{"line":35,"column":47}},"locations":[{"start":{"line":35,"column":25},"end":{"line":35,"column":47}}]},"2":{"type":"branch","line":35,"loc":{"start":{"line":35,"column":31},"end":{"line":36,"column":31}},"locations":[{"start":{"line":35,"column":31},"end":{"line":36,"column":31}}]},"3":{"type":"branch","line":36,"loc":{"start":{"line":36,"column":31},"end":{"line":36,"column":51}},"locations":[{"start":{"line":36,"column":31},"end":{"line":36,"column":51}}]},"4":{"type":"branch","line":36,"loc":{"start":{"line":36,"column":37},"end":{"line":37,"column":35}},"locations":[{"start":{"line":36,"column":37},"end":{"line":37,"column":35}}]},"5":{"type":"branch","line":37,"loc":{"start":{"line":37,"column":29},"end":{"line":37,"column":55}},"locations":[{"start":{"line":37,"column":29},"end":{"line":37,"column":55}}]},"6":{"type":"branch","line":37,"loc":{"start":{"line":37,"column":35},"end":{"line":50,"column":1}},"locations":[{"start":{"line":37,"column":35},"end":{"line":50,"column":1}}]},"7":{"type":"branch","line":38,"loc":{"start":{"line":38,"column":9},"end":{"line":49,"column":3}},"locations":[{"start":{"line":38,"column":9},"end":{"line":49,"column":3}}]},"8":{"type":"branch","line":39,"loc":{"start":{"line":39,"column":19},"end":{"line":42,"column":5}},"locations":[{"start":{"line":39,"column":19},"end":{"line":42,"column":5}}]},"9":{"type":"branch","line":43,"loc":{"start":{"line":43,"column":18},"end":{"line":48,"column":5}},"locations":[{"start":{"line":43,"column":18},"end":{"line":48,"column":5}}]},"10":{"type":"branch","line":44,"loc":{"start":{"line":44,"column":27},"end":{"line":47,"column":9}},"locations":[{"start":{"line":44,"column":27},"end":{"line":47,"column":9}}]}},"b":{"0":[7],"1":[1],"2":[6],"3":[1],"4":[5],"5":[1],"6":[4],"7":[16],"8":[2],"9":[10],"10":[6]},"fnMap":{"0":{"name":"throttle","decl":{"start":{"line":33,"column":0},"end":{"line":50,"column":1}},"loc":{"start":{"line":33,"column":0},"end":{"line":50,"column":1}},"line":33}},"f":{"0":7}}
,"E:\\gr-xm\\utils\\src\\number\\padInt.ts": {"path":"E:\\gr-xm\\utils\\src\\number\\padInt.ts","all":false,"statementMap":{"0":{"start":{"line":20,"column":0},"end":{"line":20,"column":73}},"1":{"start":{"line":21,"column":0},"end":{"line":21,"column":45}},"2":{"start":{"line":22,"column":0},"end":{"line":22,"column":52}},"3":{"start":{"line":23,"column":0},"end":{"line":23,"column":1}}},"s":{"0":69,"1":69,"2":68,"3":68},"branchMap":{"0":{"type":"branch","line":20,"loc":{"start":{"line":20,"column":0},"end":{"line":23,"column":1}},"locations":[{"start":{"line":20,"column":0},"end":{"line":23,"column":1}}]},"1":{"type":"branch","line":21,"loc":{"start":{"line":21,"column":28},"end":{"line":21,"column":45}},"locations":[{"start":{"line":21,"column":28},"end":{"line":21,"column":45}}]},"2":{"type":"branch","line":21,"loc":{"start":{"line":21,"column":34},"end":{"line":23,"column":1}},"locations":[{"start":{"line":21,"column":34},"end":{"line":23,"column":1}}]}},"b":{"0":[69],"1":[1],"2":[68]},"fnMap":{"0":{"name":"padInt","decl":{"start":{"line":20,"column":0},"end":{"line":23,"column":1}},"loc":{"start":{"line":20,"column":0},"end":{"line":23,"column":1}},"line":20}},"f":{"0":69}}
,"E:\\gr-xm\\utils\\src\\number\\toFixed.ts": {"path":"E:\\gr-xm\\utils\\src\\number\\toFixed.ts","all":false,"statementMap":{"0":{"start":{"line":1,"column":0},"end":{"line":1,"column":42}},"1":{"start":{"line":30,"column":0},"end":{"line":30,"column":74}},"2":{"start":{"line":31,"column":0},"end":{"line":31,"column":25}},"3":{"start":{"line":32,"column":0},"end":{"line":32,"column":10}},"4":{"start":{"line":33,"column":0},"end":{"line":33,"column":17}},"5":{"start":{"line":34,"column":0},"end":{"line":34,"column":16}},"6":{"start":{"line":35,"column":0},"end":{"line":35,"column":41}},"7":{"start":{"line":36,"column":0},"end":{"line":36,"column":57}},"8":{"start":{"line":37,"column":0},"end":{"line":37,"column":88}},"9":{"start":{"line":38,"column":0},"end":{"line":38,"column":40}},"10":{"start":{"line":39,"column":0},"end":{"line":39,"column":3}},"11":{"start":{"line":40,"column":0},"end":{"line":40,"column":51}},"12":{"start":{"line":41,"column":0},"end":{"line":41,"column":89}},"13":{"start":{"line":42,"column":0},"end":{"line":42,"column":26}},"14":{"start":{"line":43,"column":0},"end":{"line":43,"column":43}},"15":{"start":{"line":44,"column":0},"end":{"line":44,"column":34}},"16":{"start":{"line":45,"column":0},"end":{"line":45,"column":32}},"17":{"start":{"line":46,"column":0},"end":{"line":46,"column":71}},"18":{"start":{"line":47,"column":0},"end":{"line":47,"column":42}},"19":{"start":{"line":48,"column":0},"end":{"line":48,"column":3}},"20":{"start":{"line":49,"column":0},"end":{"line":49,"column":75}},"21":{"start":{"line":50,"column":0},"end":{"line":50,"column":100}},"22":{"start":{"line":51,"column":0},"end":{"line":51,"column":1}}},"s":{"0":2,"1":27,"2":27,"3":27,"4":27,"5":27,"6":27,"7":27,"8":27,"9":1,"10":1,"11":27,"12":27,"13":23,"14":23,"15":13,"16":13,"17":13,"18":13,"19":13,"20":27,"21":27,"22":27},"branchMap":{"0":{"type":"branch","line":30,"loc":{"start":{"line":30,"column":0},"end":{"line":51,"column":1}},"locations":[{"start":{"line":30,"column":0},"end":{"line":51,"column":1}}]},"1":{"type":"branch","line":36,"loc":{"start":{"line":36,"column":31},"end":{"line":36,"column":57}},"locations":[{"start":{"line":36,"column":31},"end":{"line":36,"column":57}}]},"2":{"type":"branch","line":37,"loc":{"start":{"line":37,"column":24},"end":{"line":37,"column":60}},"locations":[{"start":{"line":37,"column":24},"end":{"line":37,"column":60}}]},"3":{"type":"branch","line":37,"loc":{"start":{"line":37,"column":54},"end":{"line":37,"column":87}},"locations":[{"start":{"line":37,"column":54},"end":{"line":37,"column":87}}]},"4":{"type":"branch","line":37,"loc":{"start":{"line":37,"column":87},"end":{"line":39,"column":3}},"locations":[{"start":{"line":37,"column":87},"end":{"line":39,"column":3}}]},"5":{"type":"branch","line":39,"loc":{"start":{"line":39,"column":2},"end":{"line":40,"column":33}},"locations":[{"start":{"line":39,"column":2},"end":{"line":40,"column":33}}]},"6":{"type":"branch","line":40,"loc":{"start":{"line":40,"column":27},"end":{"line":40,"column":51}},"locations":[{"start":{"line":40,"column":27},"end":{"line":40,"column":51}}]},"7":{"type":"branch","line":40,"loc":{"start":{"line":40,"column":33},"end":{"line":41,"column":33}},"locations":[{"start":{"line":40,"column":33},"end":{"line":41,"column":33}}]},"8":{"type":"branch","line":41,"loc":{"start":{"line":41,"column":21},"end":{"line":41,"column":58}},"locations":[{"start":{"line":41,"column":21},"end":{"line":41,"column":58}}]},"9":{"type":"branch","line":41,"loc":{"start":{"line":41,"column":58},"end":{"line":41,"column":89}},"locations":[{"start":{"line":41,"column":58},"end":{"line":41,"column":89}}]},"10":{"type":"branch","line":41,"loc":{"start":{"line":41,"column":64},"end":{"line":49,"column":27}},"locations":[{"start":{"line":41,"column":64},"end":{"line":49,"column":27}}]},"11":{"type":"branch","line":49,"loc":{"start":{"line":49,"column":17},"end":{"line":49,"column":56}},"locations":[{"start":{"line":49,"column":17},"end":{"line":49,"column":56}}]},"12":{"type":"branch","line":49,"loc":{"start":{"line":49,"column":52},"end":{"line":49,"column":75}},"locations":[{"start":{"line":49,"column":52},"end":{"line":49,"column":75}}]},"13":{"type":"branch","line":50,"loc":{"start":{"line":50,"column":25},"end":{"line":50,"column":45}},"locations":[{"start":{"line":50,"column":25},"end":{"line":50,"column":45}}]},"14":{"type":"branch","line":50,"loc":{"start":{"line":50,"column":36},"end":{"line":50,"column":100}},"locations":[{"start":{"line":50,"column":36},"end":{"line":50,"column":100}}]},"15":{"type":"branch","line":43,"loc":{"start":{"line":43,"column":23},"end":{"line":48,"column":3}},"locations":[{"start":{"line":43,"column":23},"end":{"line":48,"column":3}}]},"16":{"type":"branch","line":46,"loc":{"start":{"line":46,"column":32},"end":{"line":46,"column":41}},"locations":[{"start":{"line":46,"column":32},"end":{"line":46,"column":41}}]}},"b":{"0":[27],"1":[20],"2":[1],"3":[26],"4":[1],"5":[26],"6":[2],"7":[24],"8":[5],"9":[1],"10":[23],"11":[10],"12":[13],"13":[4],"14":[19],"15":[13],"16":[2]},"fnMap":{"0":{"name":"toFixed","decl":{"start":{"line":30,"column":0},"end":{"line":51,"column":1}},"loc":{"start":{"line":30,"column":0},"end":{"line":51,"column":1}},"line":30},"1":{"name":"formatNumber","decl":{"start":{"line":43,"column":23},"end":{"line":48,"column":3}},"loc":{"start":{"line":43,"column":23},"end":{"line":48,"column":3}},"line":43}},"f":{"0":27,"1":13}}
[...]
,"E:\\gr-xm\\utils\\src\\verify\\isEqual.ts": {"path":"E:\\gr-xm\\utils\\src\\verify\\isEqual.ts","all":false,"statementMap":{"0":{"start":{"line":52,"column":0},"end":{"line":52,"column":67}},"1":{"start":{"line":53,"column":0},"end":{"line":53,"column":45}},"2":{"start":{"line":54,"column":0},"end":{"line":54,"column":47}},"3":{"start":{"line":55,"column":0},"end":{"line":55,"column":73}},"4":{"start":{"line":56,"column":0},"end":{"line":56,"column":74}},"5":{"start":{"line":57,"column":0},"end":{"line":57,"column":30}},"6":{"start":{"line":58,"column":0},"end":{"line":58,"column":94}},"7":{"start":{"line":59,"column":0},"end":{"line":59,"column":45}},"8":{"start":{"line":60,"column":0},"end":{"line":60,"column":70}},"9":{"start":{"line":61,"column":0},"end":{"line":61,"column":5}},"10":{"start":{"line":62,"column":0},"end":{"line":62,"column":16}},"11":{"start":{"line":63,"column":0},"end":{"line":63,"column":3}},"12":{"start":{"line":64,"column":0},"end":{"line":64,"column":35}},"13":{"start":{"line":65,"column":0},"end":{"line":65,"column":38}},"14":{"start":{"line":66,"column":0},"end":{"line":66,"column":38}},"15":{"start":{"line":67,"column":0},"end":{"line":67,"column":67}},"16":{"start":{"line":68,"column":0},"end":{"line":68,"column":28}},"17":{"start":{"line":69,"column":0},"end":{"line":69,"column":99}},"18":{"start":{"line":70,"column":0},"end":{"line":70,"column":5}},"19":{"start":{"line":71,"column":0},"end":{"line":71,"column":16}},"20":{"start":{"line":72,"column":0},"end":{"line":72,"column":3}},"21":{"start":{"line":73,"column":0},"end":{"line":73,"column":26}},"22":{"start":{"line":74,"column":0},"end":{"line":74,"column":1}}},"s":{"0":102,"1":102,"2":102,"3":102,"4":102,"5":102,"6":9,"7":9,"8":18,"9":18,"10":5,"11":5,"12":102,"13":16,"14":16,"15":16,"16":16,"17":18,"18":18,"19":8,"20":8,"21":23,"22":23},"branchMap":{"0":{"type":"branch","line":52,"loc":{"start":{"line":52,"column":0},"end":{"line":74,"column":1}},"locations":[{"start":{"line":52,"column":0},"end":{"line":74,"column":1}}]},"1":{"type":"branch","line":53,"loc":{"start":{"line":53,"column":29},"end":{"line":53,"column":45}},"locations":[{"start":{"line":53,"column":29},"end":{"line":53,"column":45}}]},"2":{"type":"branch","line":54,"loc":{"start":{"line":54,"column":25},"end":{"line":54,"column":47}},"locations":[{"start":{"line":54,"column":25},"end":{"line":54,"column":47}}]},"3":{"type":"branch","line":54,"loc":{"start":{"line":54,"column":32},"end":{"line":55,"column":25}},"locations":[{"start":{"line":54,"column":32},"end":{"line":55,"column":25}}]},"4":{"type":"branch","line":55,"loc":{"start":{"line":55,"column":17},"end":{"line":55,"column":42}},"locations":[{"start":{"line":55,"column":17},"end":{"line":55,"column":42}}]},"5":{"type":"branch","line":55,"loc":{"start":{"line":55,"column":42},"end":{"line":55,"column":73}},"locations":[{"start":{"line":55,"column":42},"end":{"line":55,"column":73}}]},"6":{"type":"branch","line":55,"loc":{"start":{"line":55,"column":49},"end":{"line":56,"column":56}},"locations":[{"start":{"line":55,"column":49},"end":{"line":56,"column":56}}]},"7":{"type":"branch","line":56,"loc":{"start":{"line":56,"column":49},"end":{"line":56,"column":74}},"locations":[{"start":{"line":56,"column":49},"end":{"line":56,"column":74}}]},"8":{"type":"branch","line":56,"loc":{"start":{"line":56,"column":56},"end":{"line":57,"column":29}},"locations":[{"start":{"line":56,"column":56},"end":{"line":57,"column":29}}]},"9":{"type":"branch","line":57,"loc":{"start":{"line":57,"column":29},"end":{"line":63,"column":3}},"locations":[{"start":{"line":57,"column":29},"end":{"line":63,"column":3}}]},"10":{"type":"branch","line":58,"loc":{"start":{"line":58,"column":67},"end":{"line":58,"column":94}},"locations":[{"start":{"line":58,"column":67},"end":{"line":58,"column":94}}]},"11":{"type":"branch","line":58,"loc":{"start":{"line":58,"column":74},"end":{"line":59,"column":44}},"locations":[{"start":{"line":58,"column":74},"end":{"line":59,"column":44}}]},"12":{"type":"branch","line":59,"loc":{"start":{"line":59,"column":44},"end":{"line":61,"column":5}},"locations":[{"start":{"line":59,"column":44},"end":{"line":61,"column":5}}]},"13":{"type":"branch","line":60,"loc":{"start":{"line":60,"column":42},"end":{"line":60,"column":70}},"locations":[{"start":{"line":60,"column":42},"end":{"line":60,"column":70}}]},"14":{"type":"branch","line":61,"loc":{"start":{"line":61,"column":4},"end":{"line":63,"column":3}},"locations":[{"start":{"line":61,"column":4},"end":{"line":63,"column":3}}]},"15":{"type":"branch","line":63,"loc":{"start":{"line":63,"column":2},"end":{"line":64,"column":34}},"locations":[{"start":{"line":63,"column":2},"end":{"line":64,"column":34}}]},"16":{"type":"branch","line":64,"loc":{"start":{"line":64,"column":34},"end":{"line":72,"column":3}},"locations":[{"start":{"line":64,"column":34},"end":{"line":72,"column":3}}]},"17":{"type":"branch","line":67,"loc":{"start":{"line":67,"column":39},"end":{"line":67,"column":67}},"locations":[{"start":{"line":67,"column":39},"end":{"line":67,"column":67}}]},"18":{"type":"branch","line":67,"loc":{"start":{"line":67,"column":46},"end":{"line":68,"column":27}},"locations":[{"start":{"line":67,"column":46},"end":{"line":68,"column":27}}]},"19":{"type":"branch","line":68,"loc":{"start":{"line":68,"column":27},"end":{"line":70,"column":5}},"locations":[{"start":{"line":68,"column":27},"end":{"line":70,"column":5}}]},"20":{"type":"branch","line":69,"loc":{"start":{"line":69,"column":70},"end":{"line":69,"column":99}},"locations":[{"start":{"line":69,"column":70},"end":{"line":69,"column":99}}]},"21":{"type":"branch","line":70,"loc":{"start":{"line":70,"column":4},"end":{"line":72,"column":3}},"locations":[{"start":{"line":70,"column":4},"end":{"line":72,"column":3}}]},"22":{"type":"branch","line":72,"loc":{"start":{"line":72,"column":2},"end":{"line":74,"column":1}},"locations":[{"start":{"line":72,"column":2},"end":{"line":74,"column":1}}]},"23":{"type":"branch","line":54,"loc":{"start":{"line":54,"column":32},"end":{"line":55,"column":42}},"locations":[{"start":{"line":54,"column":32},"end":{"line":55,"column":42}}]}},"b":{"0":[102],"1":[7],"2":[44],"3":[58],"4":[57],"5":[2],"6":[56],"7":[8],"8":[48],"9":[9],"10":[2],"11":[7],"12":[18],"13":[2],"14":[5],"15":[39],"16":[16],"17":[2],"18":[14],"19":[18],"20":[6],"21":[8],"22":[23],"23":[95]},"fnMap":{"0":{"name":"isEqual","decl":{"start":{"line":52,"column":0},"end":{"line":74,"column":1}},"loc":{"start":{"line":52,"column":0},"end":{"line":74,"column":1}},"line":52}},"f":{"0":102}}
,"E:\\gr-xm\\utils\\src\\verify\\isFunction.ts": {"path":"E:\\gr-xm\\utils\\src\\verify\\isFunction.ts","all":false,"statementMap":{"0":{"start":{"line":1,"column":0},"end":{"line":1,"column":36}},"1":{"start":{"line":19,"column":0},"end":{"line":19,"column":57}},"2":{"start":{"line":20,"column":0},"end":{"line":20,"column":37}},"3":{"start":{"line":21,"column":0},"end":{"line":21,"column":1}}},"s":{"0":2,"1":25,"2":25,"3":25},"branchMap":{"0":{"type":"branch","line":19,"loc":{"start":{"line":19,"column":0},"end":{"line":21,"column":1}},"locations":[{"start":{"line":19,"column":0},"end":{"line":21,"column":1}}]}},"b":{"0":[25]},"fnMap":{"0":{"name":"isFunction","decl":{"start":{"line":19,"column":0},"end":{"line":21,"column":1}},"loc":{"start":{"line":19,"column":0},"end":{"line":21,"column":1}},"line":19}},"f":{"0":25}}
,"E:\\gr-xm\\utils\\src\\verify\\isIncludeChinese.ts": {"path":"E:\\gr-xm\\utils\\src\\verify\\isIncludeChinese.ts","all":false,"statementMap":{"0":{"start":{"line":15,"column":0},"end":{"line":15,"column":71}},"1":{"start":{"line":16,"column":0},"end":{"line":16,"column":35}},"2":{"start":{"line":17,"column":0},"end":{"line":17,"column":1}}},"s":{"0":8,"1":8,"2":8},"branchMap":{"0":{"type":"branch","line":15,"loc":{"start":{"line":15,"column":0},"end":{"line":17,"column":1}},"locations":[{"start":{"line":15,"column":0},"end":{"line":17,"column":1}}]}},"b":{"0":[8]},"fnMap":{"0":{"name":"isIncludeChinese","decl":{"start":{"line":15,"column":0},"end":{"line":17,"column":1}},"loc":{"start":{"line":15,"column":0},"end":{"line":17,"column":1}},"line":15}},"f":{"0":8}}
,"E:\\gr-xm\\utils\\src\\verify\\isInt.ts": {"path":"E:\\gr-xm\\utils\\src\\verify\\isInt.ts","all":false,"statementMap":{"0":{"start":{"line":15,"column":0},"end":{"line":15,"column":52}},"1":{"start":{"line":16,"column":0},"end":{"line":16,"column":32}},"2":{"start":{"line":17,"column":0},"end":{"line":17,"column":1}}},"s":{"0":9,"1":9,"2":9},"branchMap":{"0":{"type":"branch","line":15,"loc":{"start":{"line":15,"column":0},"end":{"line":17,"column":1}},"locations":[{"start":{"line":15,"column":0},"end":{"line":17,"column":1}}]}},"b":{"0":[9]},"fnMap":{"0":{"name":"isInt","decl":{"start":{"line":15,"column":0},"end":{"line":17,"column":1}},"loc":{"start":{"line":15,"column":0},"end":{"line":17,"column":1}},"line":15}},"f":{"0":9}}
,"E:\\gr-xm\\utils\\src\\verify\\isJsonString.ts": {"path":"E:\\gr-xm\\utils\\src\\verify\\isJsonString.ts","all":false,"statementMap":{"0":{"start":{"line":14,"column":0},"end":{"line":14,"column":51}},"1":{"start":{"line":15,"column":0},"end":{"line":15,"column":7}},"2":{"start":{"line":16,"column":0},"end":{"line":16,"column":19}},"3":{"start":{"line":17,"column":0},"end":{"line":17,"column":15}},"4":{"start":{"line":18,"column":0},"end":{"line":18,"column":17}},"5":{"start":{"line":19,"column":0},"end":{"line":19,"column":16}},"6":{"start":{"line":20,"column":0},"end":{"line":20,"column":3}},"7":{"start":{"line":21,"column":0},"end":{"line":21,"column":1}}},"s":{"0":24,"1":24,"2":24,"3":24,"4":24,"5":21,"6":21,"7":24},"branchMap":{"0":{"type":"branch","line":14,"loc":{"start":{"line":14,"column":0},"end":{"line":21,"column":1}},"locations":[{"start":{"line":14,"column":0},"end":{"line":21,"column":1}}]},"1":{"type":"branch","line":18,"loc":{"start":{"line":18,"column":2},"end":{"line":20,"column":3}},"locations":[{"start":{"line":18,"column":2},"end":{"line":20,"column":3}}]}},"b":{"0":[24],"1":[21]},"fnMap":{"0":{"name":"isJsonString","decl":{"start":{"line":14,"column":0},"end":{"line":21,"column":1}},"loc":{"start":{"line":14,"column":0},"end":{"line":21,"column":1}},"line":14}},"f":{"0":24}}
,"E:\\gr-xm\\utils\\src\\verify\\isLocation.ts": {"path":"E:\\gr-xm\\utils\\src\\verify\\isLocation.ts","all":false,"statementMap":{"0":{"start":{"line":1,"column":0},"end":{"line":1,"column":36}},"1":{"start":{"line":19,"column":0},"end":{"line":19,"column":57}},"2":{"start":{"line":20,"column":0},"end":{"line":20,"column":37}},"3":{"start":{"line":21,"column":0},"end":{"line":21,"column":1}}},"s":{"0":2,"1":1,"2":1,"3":1},"branchMap":{"0":{"type":"branch","line":19,"loc":{"start":{"line":19,"column":0},"end":{"line":21,"column":1}},"locations":[{"start":{"line":19,"column":0},"end":{"line":21,"column":1}}]}},"b":{"0":[1]},"fnMap":{"0":{"name":"isLocation","decl":{"start":{"line":19,"column":0},"end":{"line":21,"column":1}},"loc":{"start":{"line":19,"column":0},"end":{"line":21,"column":1}},"line":19}},"f":{"0":1}}
,"E:\\gr-xm\\utils\\src\\verify\\isMap.ts": {"path":"E:\\gr-xm\\utils\\src\\verify\\isMap.ts","all":false,"statementMap":{"0":{"start":{"line":1,"column":0},"end":{"line":1,"column":36}},"1":{"start":{"line":19,"column":0},"end":{"line":19,"column":52}},"2":{"start":{"line":20,"column":0},"end":{"line":20,"column":32}},"3":{"start":{"line":21,"column":0},"end":{"line":21,"column":1}}},"s":{"0":2,"1":2,"2":2,"3":2},"branchMap":{"0":{"type":"branch","line":19,"loc":{"start":{"line":19,"column":0},"end":{"line":21,"column":1}},"locations":[{"start":{"line":19,"column":0},"end":{"line":21,"column":1}}]}},"b":{"0":[2]},"fnMap":{"0":{"name":"isMap","decl":{"start":{"line":19,"column":0},"end":{"line":21,"column":1}},"loc":{"start":{"line":19,"column":0},"end":{"line":21,"column":1}},"line":19}},"f":{"0":2}}
,"E:\\gr-xm\\utils\\src\\verify\\isNullOrUndefined.ts": {"path":"E:\\gr-xm\\utils\\src\\verify\\isNullOrUndefined.ts","all":false,"statementMap":{"0":{"start":{"line":1,"column":0},"end":{"line":1,"column":36}},"1":{"start":{"line":18,"column":0},"end":{"line":18,"column":64}},"2":{"start":{"line":19,"column":0},"end":{"line":19,"column":54}},"3":{"start":{"line":20,"column":0},"end":{"line":20,"column":1}}},"s":{"0":2,"1":43,"2":43,"3":43},"branchMap":{"0":{"type":"branch","line":18,"loc":{"start":{"line":18,"column":0},"end":{"line":20,"column":1}},"locations":[{"start":{"line":18,"column":0},"end":{"line":20,"column":1}}]}},"b":{"0":[43]},"fnMap":{"0":{"name":"isNullOrUndefined","decl":{"start":{"line":18,"column":0},"end":{"line":20,"column":1}},"loc":{"start":{"line":18,"column":0},"end":{"line":20,"column":1}},"line":18}},"f":{"0":43}}
,"E:\\gr-xm\\utils\\src\\verify\\isNumber.ts": {"path":"E:\\gr-xm\\utils\\src\\verify\\isNumber.ts","all":false,"statementMap":{"0":{"start":{"line":1,"column":0},"end":{"line":1,"column":36}},"1":{"start":{"line":19,"column":0},"end":{"line":19,"column":55}},"2":{"start":{"line":20,"column":0},"end":{"line":20,"column":35}},"3":{"start":{"line":21,"column":0},"end":{"line":21,"column":1}}},"s":{"0":2,"1":80,"2":80,"3":80},"branchMap":{"0":{"type":"branch","line":19,"loc":{"start":{"line":19,"column":0},"end":{"line":21,"column":1}},"locations":[{"start":{"line":19,"column":0},"end":{"line":21,"column":1}}]}},"b":{"0":[80]},"fnMap":{"0":{"name":"isNumber","decl":{"start":{"line":19,"column":0},"end":{"line":21,"column":1}},"loc":{"start":{"line":19,"column":0},"end":{"line":21,"column":1}},"line":19}},"f":{"0":80}}
,"E:\\gr-xm\\utils\\src\\verify\\isObject.ts": {"path":"E:\\gr-xm\\utils\\src\\verify\\isObject.ts","all":false,"statementMap":{"0":{"start":{"line":1,"column":0},"end":{"line":1,"column":36}},"1":{"start":{"line":19,"column":0},"end":{"line":19,"column":55}},"2":{"start":{"line":20,"column":0},"end":{"line":20,"column":53}},"3":{"start":{"line":21,"column":0},"end":{"line":21,"column":1}}},"s":{"0":2,"1":87,"2":87,"3":87},"branchMap":{"0":{"type":"branch","line":19,"loc":{"start":{"line":19,"column":0},"end":{"line":21,"column":1}},"locations":[{"start":{"line":19,"column":0},"end":{"line":21,"column":1}}]},"1":{"type":"branch","line":20,"loc":{"start":{"line":20,"column":19},"end":{"line":20,"column":53}},"locations":[{"start":{"line":20,"column":19},"end":{"line":20,"column":53}}]}},"b":{"0":[87],"1":[86]},"fnMap":{"0":{"name":"isObject","decl":{"start":{"line":19,"column":0},"end":{"line":21,"column":1}},"loc":{"start":{"line":19,"column":0},"end":{"line":21,"column":1}},"line":19}},"f":{"0":87}}
,"E:\\gr-xm\\utils\\src\\verify\\isPhone.ts": {"path":"E:\\gr-xm\\utils\\src\\verify\\isPhone.ts","all":false,"statementMap":{"0":{"start":{"line":17,"column":0},"end":{"line":17,"column":66}},"1":{"start":{"line":18,"column":0},"end":{"line":18,"column":49}},"2":{"start":{"line":19,"column":0},"end":{"line":19,"column":1}}},"s":{"0":6,"1":6,"2":6},"branchMap":{"0":{"type":"branch","line":17,"loc":{"start":{"line":17,"column":0},"end":{"line":19,"column":1}},"locations":[{"start":{"line":17,"column":0},"end":{"line":19,"column":1}}]}},"b":{"0":[6]},"fnMap":{"0":{"name":"isPhone","decl":{"start":{"line":17,"column":0},"end":{"line":19,"column":1}},"loc":{"start":{"line":17,"column":0},"end":{"line":19,"column":1}},"line":17}},"f":{"0":6}}
,"E:\\gr-xm\\utils\\src\\verify\\isPromise.ts": {"path":"E:\\gr-xm\\utils\\src\\verify\\isPromise.ts","all":false,"statementMap":{"0":{"start":{"line":1,"column":0},"end":{"line":1,"column":36}},"1":{"start":{"line":25,"column":0},"end":{"line":25,"column":56}},"2":{"start":{"line":26,"column":0},"end":{"line":26,"column":89}},"3":{"start":{"line":27,"column":0},"end":{"line":27,"column":1}}},"s":{"0":2,"1":2,"2":2,"3":2},"branchMap":{"0":{"type":"branch","line":25,"loc":{"start":{"line":25,"column":0},"end":{"line":27,"column":1}},"locations":[{"start":{"line":25,"column":0},"end":{"line":27,"column":1}}]},"1":{"type":"branch","line":26,"loc":{"start":{"line":26,"column":27},"end":{"line":26,"column":66}},"locations":[{"start":{"line":26,"column":27},"end":{"line":26,"column":66}}]},"2":{"type":"branch","line":26,"loc":{"start":{"line":26,"column":61},"end":{"line":26,"column":89}},"locations":[{"start":{"line":26,"column":61},"end":{"line":26,"column":89}}]}},"b":{"0":[2],"1":[1],"2":[1]},"fnMap":{"0":{"name":"isPromise","decl":{"start":{"line":25,"column":0},"end":{"line":27,"column":1}},"loc":{"start":{"line":25,"column":0},"end":{"line":27,"column":1}},"line":25}},"f":{"0":2}}
,"E:\\gr-xm\\utils\\src\\verify\\isSet.ts": {"path":"E:\\gr-xm\\utils\\src\\verify\\isSet.ts","all":false,"statementMap":{"0":{"start":{"line":1,"column":0},"end":{"line":1,"column":36}},"1":{"start":{"line":19,"column":0},"end":{"line":19,"column":52}},"2":{"start":{"line":20,"column":0},"end":{"line":20,"column":32}},"3":{"start":{"line":21,"column":0},"end":{"line":21,"column":1}}},"s":{"0":2,"1":2,"2":2,"3":2},"branchMap":{"0":{"type":"branch","line":19,"loc":{"start":{"line":19,"column":0},"end":{"line":21,"column":1}},"locations":[{"start":{"line":19,"column":0},"end":{"line":21,"column":1}}]}},"b":{"0":[2]},"fnMap":{"0":{"name":"isSet","decl":{"start":{"line":19,"column":0},"end":{"line":21,"column":1}},"loc":{"start":{"line":19,"column":0},"end":{"line":21,"column":1}},"line":19}},"f":{"0":2}}
,"E:\\gr-xm\\utils\\src\\verify\\isString.ts": {"path":"E:\\gr-xm\\utils\\src\\verify\\isString.ts","all":false,"statementMap":{"0":{"start":{"line":1,"column":0},"end":{"line":1,"column":36}},"1":{"start":{"line":19,"column":0},"end":{"line":19,"column":55}},"2":{"start":{"line":20,"column":0},"end":{"line":20,"column":35}},"3":{"start":{"line":21,"column":0},"end":{"line":21,"column":1}}},"s":{"0":2,"1":97,"2":97,"3":97},"branchMap":{"0":{"type":"branch","line":19,"loc":{"start":{"line":19,"column":0},"end":{"line":21,"column":1}},"locations":[{"start":{"line":19,"column":0},"end":{"line":21,"column":1}}]}},"b":{"0":[97]},"fnMap":{"0":{"name":"isString","decl":{"start":{"line":19,"column":0},"end":{"line":21,"column":1}},"loc":{"start":{"line":19,"column":0},"end":{"line":21,"column":1}},"line":19}},"f":{"0":97}}
,"E:\\gr-xm\\utils\\src\\verify\\isSymbol.ts": {"path":"E:\\gr-xm\\utils\\src\\verify\\isSymbol.ts","all":false,"statementMap":{"0":{"start":{"line":1,"column":0},"end":{"line":1,"column":36}},"1":{"start":{"line":19,"column":0},"end":{"line":19,"column":55}},"2":{"start":{"line":20,"column":0},"end":{"line":20,"column":35}},"3":{"start":{"line":21,"column":0},"end":{"line":21,"column":1}}},"s":{"0":2,"1":2,"2":2,"3":2},"branchMap":{"0":{"type":"branch","line":19,"loc":{"start":{"line":19,"column":0},"end":{"line":21,"column":1}},"locations":[{"start":{"line":19,"column":0},"end":{"line":21,"column":1}}]}},"b":{"0":[2]},"fnMap":{"0":{"name":"isSymbol","decl":{"start":{"line":19,"column":0},"end":{"line":21,"column":1}},"loc":{"start":{"line":19,"column":0},"end":{"line":21,"column":1}},"line":19}},"f":{"0":2}}
}
